2026-01-05 10:41:04,275 - __main__ - INFO - ================================================================================
2026-01-05 10:41:04,275 - __main__ - INFO - Continuous Task Handoff System
2026-01-05 10:41:04,275 - __main__ - INFO - ================================================================================
2026-01-05 10:41:04,641 - httpx - INFO - HTTP Request: GET https://api.notion.com/v1/users/me "HTTP/1.1 200 OK"
2026-01-05 10:41:04,642 - __main__ - INFO - ✅ Notion API access validated
2026-01-05 10:41:04,642 - __main__ - INFO - ================================================================================
2026-01-05 10:41:04,642 - __main__ - INFO - Processing next task from Agent-Tasks database
2026-01-05 10:41:04,642 - __main__ - INFO - ================================================================================
2026-01-05 10:41:11,789 - httpx - INFO - HTTP Request: POST https://api.notion.com/v1/databases/284e73616c278018872aeb14e82e0392/query "HTTP/1.1 200 OK"
2026-01-05 10:41:11,969 - __main__ - INFO - Found next task: 'DriveSheetsSync: Resolve Critical Issues (6 Missing CSVs + 168 Duplicate Folders)' (Priority: Critical, Status: In Progress)
2026-01-05 10:41:13,134 - httpx - INFO - HTTP Request: GET https://api.notion.com/v1/pages/249e7361-6c27-8100-8a74-de7eabb9fc8d "HTTP/1.1 200 OK"
2026-01-05 10:41:13,138 - __main__ - INFO - Task has assigned agent: Cursor MM1 Agent (MM1)
2026-01-05 10:41:13,140 - __main__ - WARNING - Trigger file already exists for task 2dee7361 in 01_inbox: 20260104T091300Z__HANDOFF__iPad-Library-P1-BPM-Analysis-Notion-Sync__2dee7361.json
2026-01-05 10:41:13,141 - __main__ - INFO - ✅ Successfully created trigger file for task in Cursor MM1 Agent's inbox
2026-01-05 10:41:45,139 - __main__ - INFO - ================================================================================
2026-01-05 10:41:45,139 - __main__ - INFO - Continuous Task Handoff System
2026-01-05 10:41:45,139 - __main__ - INFO - ================================================================================
2026-01-05 10:41:45,410 - httpx - INFO - HTTP Request: GET https://api.notion.com/v1/users/me "HTTP/1.1 200 OK"
2026-01-05 10:41:45,411 - __main__ - INFO - ✅ Notion API access validated
2026-01-05 10:41:45,411 - __main__ - INFO - ================================================================================
2026-01-05 10:41:45,411 - __main__ - INFO - Processing next task from Agent-Tasks database
2026-01-05 10:41:45,411 - __main__ - INFO - ================================================================================
2026-01-05 10:41:47,473 - httpx - INFO - HTTP Request: POST https://api.notion.com/v1/databases/284e73616c278018872aeb14e82e0392/query "HTTP/1.1 200 OK"
2026-01-05 10:41:47,580 - __main__ - INFO - Found next task: 'DriveSheetsSync: Resolve Critical Issues (6 Missing CSVs + 168 Duplicate Folders)' (Priority: Critical, Status: In Progress)
2026-01-05 10:41:47,858 - httpx - INFO - HTTP Request: GET https://api.notion.com/v1/pages/249e7361-6c27-8100-8a74-de7eabb9fc8d "HTTP/1.1 200 OK"
2026-01-05 10:41:47,861 - __main__ - INFO - Task has assigned agent: Cursor MM1 Agent (MM1)
2026-01-05 10:41:47,862 - __main__ - INFO - Trigger file already exists in inbox for task 2dee7361: 20260104T091300Z__HANDOFF__iPad-Library-P1-BPM-Analysis-Notion-Sync__2dee7361.json. Skipping.
2026-01-05 10:41:47,863 - __main__ - INFO - Task 'DriveSheetsSync: Resolve Critical Issues (6 Missing CSVs + 168 Duplicate Folders)' already has trigger file in inbox, checking next task...
2026-01-05 10:41:50,530 - httpx - INFO - HTTP Request: POST https://api.notion.com/v1/databases/284e73616c278018872aeb14e82e0392/query "HTTP/1.1 200 OK"
2026-01-05 10:41:50,835 - __main__ - INFO - Found next task: 'DriveSheetsSync: Resolve Critical Issues (6 Missing CSVs + 168 Duplicate Folders)' (Priority: Critical, Status: In Progress)
2026-01-05 10:41:51,098 - httpx - INFO - HTTP Request: GET https://api.notion.com/v1/pages/249e7361-6c27-8100-8a74-de7eabb9fc8d "HTTP/1.1 200 OK"
2026-01-05 10:41:51,100 - __main__ - INFO - Task has assigned agent: Cursor MM1 Agent (MM1)
2026-01-05 10:41:51,101 - __main__ - INFO - Trigger file already exists in inbox for task 2dee7361: 20260104T091300Z__HANDOFF__iPad-Library-P1-BPM-Analysis-Notion-Sync__2dee7361.json. Skipping.
2026-01-05 10:41:51,103 - __main__ - INFO - Task 'DriveSheetsSync: Resolve Critical Issues (6 Missing CSVs + 168 Duplicate Folders)' already has trigger file in inbox, checking next task...
2026-01-05 10:41:53,503 - httpx - INFO - HTTP Request: POST https://api.notion.com/v1/databases/284e73616c278018872aeb14e82e0392/query "HTTP/1.1 200 OK"
2026-01-05 10:41:53,559 - __main__ - INFO - Found next task: 'DriveSheetsSync: Resolve Critical Issues (6 Missing CSVs + 168 Duplicate Folders)' (Priority: Critical, Status: In Progress)
2026-01-05 10:41:53,796 - httpx - INFO - HTTP Request: GET https://api.notion.com/v1/pages/249e7361-6c27-8100-8a74-de7eabb9fc8d "HTTP/1.1 200 OK"
2026-01-05 10:41:53,798 - __main__ - INFO - Task has assigned agent: Cursor MM1 Agent (MM1)
2026-01-05 10:41:53,798 - __main__ - INFO - Trigger file already exists in inbox for task 2dee7361: 20260104T091300Z__HANDOFF__iPad-Library-P1-BPM-Analysis-Notion-Sync__2dee7361.json. Skipping.
2026-01-05 10:41:53,799 - __main__ - INFO - Task 'DriveSheetsSync: Resolve Critical Issues (6 Missing CSVs + 168 Duplicate Folders)' already has trigger file in inbox, checking next task...
2026-01-05 10:41:55,870 - httpx - INFO - HTTP Request: POST https://api.notion.com/v1/databases/284e73616c278018872aeb14e82e0392/query "HTTP/1.1 200 OK"
2026-01-05 10:41:55,942 - __main__ - INFO - Found next task: 'DriveSheetsSync: Resolve Critical Issues (6 Missing CSVs + 168 Duplicate Folders)' (Priority: Critical, Status: In Progress)
2026-01-05 10:41:56,173 - httpx - INFO - HTTP Request: GET https://api.notion.com/v1/pages/249e7361-6c27-8100-8a74-de7eabb9fc8d "HTTP/1.1 200 OK"
2026-01-05 10:41:56,174 - __main__ - INFO - Task has assigned agent: Cursor MM1 Agent (MM1)
2026-01-05 10:41:56,174 - __main__ - INFO - Trigger file already exists in inbox for task 2dee7361: 20260104T091300Z__HANDOFF__iPad-Library-P1-BPM-Analysis-Notion-Sync__2dee7361.json. Skipping.
2026-01-05 10:41:56,174 - __main__ - INFO - Task 'DriveSheetsSync: Resolve Critical Issues (6 Missing CSVs + 168 Duplicate Folders)' already has trigger file in inbox, checking next task...
2026-01-05 10:41:58,330 - httpx - INFO - HTTP Request: POST https://api.notion.com/v1/databases/284e73616c278018872aeb14e82e0392/query "HTTP/1.1 200 OK"
2026-01-05 10:41:58,410 - __main__ - INFO - Found next task: 'DriveSheetsSync: Resolve Critical Issues (6 Missing CSVs + 168 Duplicate Folders)' (Priority: Critical, Status: In Progress)
2026-01-05 10:41:58,840 - httpx - INFO - HTTP Request: GET https://api.notion.com/v1/pages/249e7361-6c27-8100-8a74-de7eabb9fc8d "HTTP/1.1 200 OK"
2026-01-05 10:41:58,842 - __main__ - INFO - Task has assigned agent: Cursor MM1 Agent (MM1)
2026-01-05 10:41:58,843 - __main__ - INFO - Trigger file already exists in inbox for task 2dee7361: 20260104T091300Z__HANDOFF__iPad-Library-P1-BPM-Analysis-Notion-Sync__2dee7361.json. Skipping.
2026-01-05 10:41:58,843 - __main__ - INFO - Task 'DriveSheetsSync: Resolve Critical Issues (6 Missing CSVs + 168 Duplicate Folders)' already has trigger file in inbox, checking next task...
2026-01-05 10:42:01,526 - httpx - INFO - HTTP Request: POST https://api.notion.com/v1/databases/284e73616c278018872aeb14e82e0392/query "HTTP/1.1 200 OK"
2026-01-05 10:42:01,638 - __main__ - INFO - Found next task: 'DriveSheetsSync: Resolve Critical Issues (6 Missing CSVs + 168 Duplicate Folders)' (Priority: Critical, Status: In Progress)
2026-01-05 10:42:02,482 - httpx - INFO - HTTP Request: GET https://api.notion.com/v1/pages/249e7361-6c27-8100-8a74-de7eabb9fc8d "HTTP/1.1 200 OK"
2026-01-05 10:42:02,484 - __main__ - INFO - Task has assigned agent: Cursor MM1 Agent (MM1)
2026-01-05 10:42:02,485 - __main__ - INFO - Trigger file already exists in inbox for task 2dee7361: 20260104T091300Z__HANDOFF__iPad-Library-P1-BPM-Analysis-Notion-Sync__2dee7361.json. Skipping.
2026-01-05 10:42:02,486 - __main__ - INFO - Task 'DriveSheetsSync: Resolve Critical Issues (6 Missing CSVs + 168 Duplicate Folders)' already has trigger file in inbox, checking next task...
2026-01-05 10:42:07,132 - httpx - INFO - HTTP Request: POST https://api.notion.com/v1/databases/284e73616c278018872aeb14e82e0392/query "HTTP/1.1 200 OK"
2026-01-05 10:42:07,200 - __main__ - INFO - Found next task: 'DriveSheetsSync: Resolve Critical Issues (6 Missing CSVs + 168 Duplicate Folders)' (Priority: Critical, Status: In Progress)
2026-01-05 10:42:07,416 - httpx - INFO - HTTP Request: GET https://api.notion.com/v1/pages/249e7361-6c27-8100-8a74-de7eabb9fc8d "HTTP/1.1 200 OK"
2026-01-05 10:42:07,419 - __main__ - INFO - Task has assigned agent: Cursor MM1 Agent (MM1)
2026-01-05 10:42:07,421 - __main__ - INFO - Trigger file already exists in inbox for task 2dee7361: 20260104T091300Z__HANDOFF__iPad-Library-P1-BPM-Analysis-Notion-Sync__2dee7361.json. Skipping.
2026-01-05 10:42:07,422 - __main__ - INFO - Task 'DriveSheetsSync: Resolve Critical Issues (6 Missing CSVs + 168 Duplicate Folders)' already has trigger file in inbox, checking next task...
2026-01-05 10:42:12,193 - httpx - INFO - HTTP Request: POST https://api.notion.com/v1/databases/284e73616c278018872aeb14e82e0392/query "HTTP/1.1 200 OK"
2026-01-05 10:42:12,264 - __main__ - INFO - Found next task: 'DriveSheetsSync: Resolve Critical Issues (6 Missing CSVs + 168 Duplicate Folders)' (Priority: Critical, Status: In Progress)
2026-01-05 10:42:17,281 - httpx - INFO - HTTP Request: GET https://api.notion.com/v1/pages/249e7361-6c27-8100-8a74-de7eabb9fc8d "HTTP/1.1 200 OK"
2026-01-05 10:42:17,282 - __main__ - INFO - Task has assigned agent: Cursor MM1 Agent (MM1)
2026-01-05 10:42:17,283 - __main__ - INFO - Trigger file already exists in inbox for task 2dee7361: 20260104T091300Z__HANDOFF__iPad-Library-P1-BPM-Analysis-Notion-Sync__2dee7361.json. Skipping.
2026-01-05 10:42:17,283 - __main__ - INFO - Task 'DriveSheetsSync: Resolve Critical Issues (6 Missing CSVs + 168 Duplicate Folders)' already has trigger file in inbox, checking next task...
2026-01-05 10:42:19,376 - httpx - INFO - HTTP Request: POST https://api.notion.com/v1/databases/284e73616c278018872aeb14e82e0392/query "HTTP/1.1 200 OK"
2026-01-05 10:42:19,461 - __main__ - INFO - Found next task: 'DriveSheetsSync: Resolve Critical Issues (6 Missing CSVs + 168 Duplicate Folders)' (Priority: Critical, Status: In Progress)
2026-01-05 10:42:19,938 - httpx - INFO - HTTP Request: GET https://api.notion.com/v1/pages/249e7361-6c27-8100-8a74-de7eabb9fc8d "HTTP/1.1 200 OK"
2026-01-05 10:42:19,943 - __main__ - INFO - Task has assigned agent: Cursor MM1 Agent (MM1)
2026-01-05 10:42:19,944 - __main__ - INFO - Trigger file already exists in inbox for task 2dee7361: 20260104T091300Z__HANDOFF__iPad-Library-P1-BPM-Analysis-Notion-Sync__2dee7361.json. Skipping.
2026-01-05 10:42:19,944 - __main__ - INFO - Task 'DriveSheetsSync: Resolve Critical Issues (6 Missing CSVs + 168 Duplicate Folders)' already has trigger file in inbox, checking next task...
2026-01-05 10:42:22,093 - httpx - INFO - HTTP Request: POST https://api.notion.com/v1/databases/284e73616c278018872aeb14e82e0392/query "HTTP/1.1 200 OK"
2026-01-05 10:42:24,835 - __main__ - INFO - Found next task: 'DriveSheetsSync: Resolve Critical Issues (6 Missing CSVs + 168 Duplicate Folders)' (Priority: Critical, Status: In Progress)
2026-01-05 10:42:25,498 - httpx - INFO - HTTP Request: GET https://api.notion.com/v1/pages/249e7361-6c27-8100-8a74-de7eabb9fc8d "HTTP/1.1 200 OK"
2026-01-05 10:42:25,501 - __main__ - INFO - Task has assigned agent: Cursor MM1 Agent (MM1)
2026-01-05 10:42:25,501 - __main__ - INFO - Trigger file already exists in inbox for task 2dee7361: 20260104T091300Z__HANDOFF__iPad-Library-P1-BPM-Analysis-Notion-Sync__2dee7361.json. Skipping.
2026-01-05 10:42:25,501 - __main__ - INFO - Task 'DriveSheetsSync: Resolve Critical Issues (6 Missing CSVs + 168 Duplicate Folders)' already has trigger file in inbox, checking next task...
2026-01-05 10:42:25,501 - __main__ - WARNING - Checked 10 tasks, all already have trigger files or failed
2026-01-05 10:43:06,931 - __main__ - INFO - ================================================================================
2026-01-05 10:43:06,931 - __main__ - INFO - Continuous Task Handoff System
2026-01-05 10:43:06,932 - __main__ - INFO - ================================================================================
2026-01-05 10:43:07,214 - httpx - INFO - HTTP Request: GET https://api.notion.com/v1/users/me "HTTP/1.1 200 OK"
2026-01-05 10:43:07,214 - __main__ - INFO - ✅ Notion API access validated
2026-01-05 10:43:07,214 - __main__ - INFO - ================================================================================
2026-01-05 10:43:07,215 - __main__ - INFO - Processing next task from Agent-Tasks database
2026-01-05 10:43:07,215 - __main__ - INFO - ================================================================================
2026-01-05 10:43:08,513 - httpx - INFO - HTTP Request: POST https://api.notion.com/v1/databases/284e73616c278018872aeb14e82e0392/query "HTTP/1.1 200 OK"
2026-01-05 10:43:08,534 - __main__ - INFO - Found 20 incomplete tasks
2026-01-05 10:43:08,535 - __main__ - INFO - Checking task: 'DriveSheetsSync: Resolve Critical Issues (6 Missing CSVs + 168 Duplicate Folders)' (Priority: Critical, Status: In Progress)
2026-01-05 10:43:14,585 - httpx - INFO - HTTP Request: GET https://api.notion.com/v1/pages/249e7361-6c27-8100-8a74-de7eabb9fc8d "HTTP/1.1 200 OK"
2026-01-05 10:43:14,801 - __main__ - INFO - Task has assigned agent: Cursor MM1 Agent (MM1)
2026-01-05 10:43:14,802 - __main__ - INFO - Task 'DriveSheetsSync: Resolve Critical Issues (6 Missing CSVs + 168 Duplicate Folders)' already has trigger file in inbox, skipping
2026-01-05 10:43:14,802 - __main__ - INFO - Checking task: 'Execute Music Library Remediation - iPad Integration' (Priority: Critical, Status: Ready)
2026-01-05 10:43:15,071 - httpx - INFO - HTTP Request: GET https://api.notion.com/v1/pages/249e7361-6c27-8100-8a74-de7eabb9fc8d "HTTP/1.1 200 OK"
2026-01-05 10:43:15,072 - __main__ - INFO - Task has assigned agent: Cursor MM1 Agent (MM1)
2026-01-05 10:43:15,073 - __main__ - INFO - ✅ Created trigger file: /Users/brianhellemn/Documents/Agents/Agent-Triggers/Cursor-MM1-Agent/01_inbox/20260105T164315Z__HANDOFF__Execute-Music-Library-Remediation---iPad-Integrati__2dde7361.json
2026-01-05 10:43:15,073 - __main__ - INFO - ✅ Successfully created trigger file for task 'Execute Music Library Remediation - iPad Integration' in Cursor MM1 Agent's inbox
