================================================================================
PHASE 2: PRODUCTION RUN EXECUTION & ANALYSIS
================================================================================
2.1 Executing First Production Run (Dry-Run)...
  Command: /opt/homebrew/opt/python@3.13/bin/python3.13 /Users/brianhellemn/Projects/github-production/monolithic-scripts/soundcloud_download_prod_merge-2.py --mode dedup --dedup-threshold 0.75 --debug
  Executing dry-run scan...
  ✓ Dry-run completed successfully in 17.5s

  Found report: /Users/brianhellemn/Projects/github-production/logs/deduplication/eagle_dedup_report_20260109_113518.md

2.2 Comprehensive Technical Output Audit...
  A. Performance Metrics:
    - Scan duration: 17.54s
    - Items processed: 0
    - Items per second: 0.00
    - Efficiency: Slow

  B. Detection Accuracy:
    - Fingerprint matches: 0
    - Fuzzy matches: 94
    - N-gram matches: 0
    - Total duplicate groups: 193

  C. Quality Analysis:
    - Average similarity: 52.9%
    - Similarity range: 0.0% - 92.0%

  D. Report Analysis:
    - Report generated: True
    - Report path: /Users/brianhellemn/Projects/github-production/logs/deduplication/eagle_dedup_report_20260109_113518.md
    - Space recoverable: 11798.55 MB

  E. System Compliance:
    - Uses documented paths: ✓
    - Compliance verified: ✓

2.3 Complete Gap Analysis...
  A. Functional Gaps:
    ⚠ Fingerprint matching found no duplicates

  B. Performance Gaps:
    ⚠ Execution speed could be improved

  C. Accuracy Gaps:
    ⚠ 38 groups with similarity < 80%

  D. Documentation Gaps:
    ✓ Report generated successfully

  E. Compliance Gaps:
    ✓ No compliance gaps

2.4 Documenting Results & Issues...
  ✓ Results and issues documented
    - Issues found: 3
    - Recommendations: 3

✓ Analysis saved to: /Users/brianhellemn/Projects/github-production/phase2_execution_analysis.json

================================================================================
PHASE 2 COMPLETE
================================================================================

Summary:
  - Items scanned: 0
  - Duplicate groups: 193
  - Total duplicates: 716
  - Space recoverable: 11798.55 MB
  - Issues found: 3

✓ Duplicates found - ready for Phase 3 (Remediation)
