2026-01-03 04:41:04,824 - INFO - Issues+Questions cleanup started
2026-01-03 04:41:04,824 - INFO - Data source ID: 229e7361-6c27-804f-b662-000b6af69781
2026-01-03 04:41:04,824 - INFO - Mode: DRY-RUN
2026-01-03 04:41:05,817 - INFO - HTTP Request: POST https://api.notion.com/v1/data_sources/229e7361-6c27-804f-b662-000b6af69781/query "HTTP/1.1 200 OK"
2026-01-03 04:41:06,520 - INFO - HTTP Request: POST https://api.notion.com/v1/data_sources/229e7361-6c27-804f-b662-000b6af69781/query "HTTP/1.1 200 OK"
2026-01-03 04:41:07,109 - INFO - HTTP Request: POST https://api.notion.com/v1/data_sources/229e7361-6c27-804f-b662-000b6af69781/query "HTTP/1.1 200 OK"
2026-01-03 04:41:07,683 - INFO - HTTP Request: POST https://api.notion.com/v1/data_sources/229e7361-6c27-804f-b662-000b6af69781/query "HTTP/1.1 200 OK"
2026-01-03 04:41:08,352 - INFO - HTTP Request: POST https://api.notion.com/v1/data_sources/229e7361-6c27-804f-b662-000b6af69781/query "HTTP/1.1 200 OK"
2026-01-03 04:41:09,071 - INFO - HTTP Request: POST https://api.notion.com/v1/data_sources/229e7361-6c27-804f-b662-000b6af69781/query "HTTP/1.1 200 OK"
2026-01-03 04:41:09,084 - INFO - Fetched 570 pages from data source
2026-01-03 04:41:09,089 - INFO - Planned updates: 340
2026-01-03 04:41:09,089 - INFO - Duplicate groups: 99
2026-01-03 04:41:09,089 - INFO - Duplicates to archive: 186
2026-01-03 04:41:09,089 - INFO - Unreported total: 449
2026-01-03 04:41:09,089 - INFO - Unreported archived: 128
2026-01-03 04:41:09,089 - INFO - Unknown priority total: 51
2026-01-03 04:41:09,089 - INFO - Priority updates: 26
2026-01-03 04:41:09,089 - INFO - [DRY-RUN] Would update 2c7e7361-6c27-8108-971d-f4bca901deed: {'Status': {'status': {'name': 'Archived'}}}
2026-01-03 04:41:09,089 - INFO - [DRY-RUN] Would update 2cae7361-6c27-819f-b1a4-cc67eee9a819: {'Status': {'status': {'name': 'Archived'}}}
2026-01-03 04:41:09,089 - INFO - [DRY-RUN] Would update 2cae7361-6c27-81a7-8c80-d2961a03c16b: {'Status': {'status': {'name': 'Archived'}}}
2026-01-03 04:41:09,089 - INFO - [DRY-RUN] Would update 2cbe7361-6c27-8128-95f0-f28a4ca197d4: {'Status': {'status': {'name': 'Archived'}}}
2026-01-03 04:41:09,089 - INFO - [DRY-RUN] Would update 2cbe7361-6c27-8147-a274-d2e8040abadf: {'Status': {'status': {'name': 'Archived'}}}
2026-01-03 04:41:09,089 - INFO - [DRY-RUN] Would update 2cbe7361-6c27-8168-841f-d37eb81d466c: {'Status': {'status': {'name': 'Archived'}}}
2026-01-03 04:41:09,089 - INFO - [DRY-RUN] Would update 2cbe7361-6c27-8169-9a25-f9b96c021f4a: {'Status': {'status': {'name': 'Archived'}}}
2026-01-03 04:41:09,089 - INFO - [DRY-RUN] Would update 2cbe7361-6c27-81d4-b51b-d22e450389e7: {'Status': {'status': {'name': 'Archived'}}}
2026-01-03 04:41:09,089 - INFO - [DRY-RUN] Would update 2cbe7361-6c27-81db-bd5d-f774fc5e87c2: {'Status': {'status': {'name': 'Archived'}}}
2026-01-03 04:41:09,089 - INFO - [DRY-RUN] Would update 2cbe7361-6c27-81f6-9b39-c7adc70a9fe4: {'Status': {'status': {'name': 'Archived'}}}
2026-01-03 04:41:09,089 - INFO - [DRY-RUN] Would update 2cce7361-6c27-8116-80b7-e47c6f5bf9cb: {'Status': {'status': {'name': 'Archived'}}}
2026-01-03 04:41:09,089 - INFO - [DRY-RUN] Would update 2cce7361-6c27-81c0-9e9f-d8b1daf71664: {'Status': {'status': {'name': 'Archived'}}}
2026-01-03 04:41:09,089 - INFO - [DRY-RUN] Would update 2cce7361-6c27-81fa-b3a7-cb094c39dd33: {'Status': {'status': {'name': 'Archived'}}}
2026-01-03 04:41:09,089 - INFO - [DRY-RUN] Would update 2cce7361-6c27-81ff-80ca-f6ae4d859d01: {'Status': {'status': {'name': 'Archived'}}}
2026-01-03 04:41:09,090 - INFO - [DRY-RUN] Would update 2cee7361-6c27-8170-9899-ec1b8d7b4cd6: {'Status': {'status': {'name': 'Archived'}}}
2026-01-03 04:41:09,090 - INFO - [DRY-RUN] Would update 2cfe7361-6c27-8157-aa5b-eaec0132c1fe: {'Status': {'status': {'name': 'Archived'}}}
2026-01-03 04:41:09,090 - INFO - [DRY-RUN] Would update 2cfe7361-6c27-8167-bfaf-e293fe03c382: {'Status': {'status': {'name': 'Archived'}}}
2026-01-03 04:41:09,090 - INFO - [DRY-RUN] Would update 2cfe7361-6c27-817f-861d-ff7620645843: {'Status': {'status': {'name': 'Archived'}}}
2026-01-03 04:41:09,090 - INFO - [DRY-RUN] Would update 2cfe7361-6c27-81bd-998c-ff9c15e41b24: {'Status': {'status': {'name': 'Archived'}}}
2026-01-03 04:41:09,090 - INFO - [DRY-RUN] Would update 2cfe7361-6c27-81e7-85f8-f1cd179d4ab4: {'Status': {'status': {'name': 'Archived'}}}
2026-01-03 04:41:09,090 - INFO - [DRY-RUN] Would update 2cfe7361-6c27-81f1-9783-c2089828ae62: {'Status': {'status': {'name': 'Archived'}}}
2026-01-03 04:41:09,090 - INFO - [DRY-RUN] Would update 2cfe7361-6c27-81f7-98f9-d2ee937397cc: {'Status': {'status': {'name': 'Archived'}}}
2026-01-03 04:41:09,090 - INFO - [DRY-RUN] Would update 2d1e7361-6c27-814d-8fcc-c8bd2e89da20: {'Status': {'status': {'name': 'Archived'}}}
2026-01-03 04:41:09,090 - INFO - [DRY-RUN] Would update 2d1e7361-6c27-8153-a981-c9b8b8a439a2: {'Status': {'status': {'name': 'Archived'}}}
2026-01-03 04:41:09,090 - INFO - [DRY-RUN] Would update 2d1e7361-6c27-816f-a7fa-c8becc524b62: {'Status': {'status': {'name': 'Archived'}}}
2026-01-03 04:41:09,090 - INFO - [DRY-RUN] Would update 2d1e7361-6c27-81e8-b6cd-e17e4009052a: {'Status': {'status': {'name': 'Archived'}}}
2026-01-03 04:41:09,090 - INFO - [DRY-RUN] Would update 2d2e7361-6c27-81f7-96bd-fcc2fd5f5ed8: {'Status': {'status': {'name': 'Archived'}}}
2026-01-03 04:41:09,090 - INFO - [DRY-RUN] Would update 2d3e7361-6c27-8145-9c45-f8364ab5539e: {'Status': {'status': {'name': 'Archived'}}}
2026-01-03 04:41:09,090 - INFO - [DRY-RUN] Would update 2d3e7361-6c27-81a4-b8b3-d46887c99306: {'Status': {'status': {'name': 'Archived'}}}
2026-01-03 04:41:09,090 - INFO - [DRY-RUN] Would update 2d3e7361-6c27-81a6-95a7-e3409514d20f: {'Status': {'status': {'name': 'Archived'}}}
2026-01-03 04:41:09,090 - INFO - [DRY-RUN] Would update 2d3e7361-6c27-81d7-bda6-f8e69c0806a1: {'Status': {'status': {'name': 'Archived'}}}
2026-01-03 04:41:09,090 - INFO - [DRY-RUN] Would update 2d5e7361-6c27-810d-a2d2-edbee73765ad: {'Status': {'status': {'name': 'Archived'}}}
2026-01-03 04:41:09,091 - INFO - [DRY-RUN] Would update 2d5e7361-6c27-8156-a54d-ca58d0f74d39: {'Status': {'status': {'name': 'Archived'}}}
2026-01-03 04:41:09,091 - INFO - [DRY-RUN] Would update 2d5e7361-6c27-81b1-a1ad-f1f1e79784ac: {'Status': {'status': {'name': 'Archived'}}}
2026-01-03 04:41:09,091 - INFO - [DRY-RUN] Would update 2d5e7361-6c27-81de-b5e3-f0bd47bb7a9e: {'Status': {'status': {'name': 'Archived'}}}
2026-01-03 04:41:09,091 - INFO - [DRY-RUN] Would update 2d5e7361-6c27-81e6-9ade-f97034727fa8: {'Status': {'status': {'name': 'Archived'}}}
2026-01-03 04:41:09,091 - INFO - [DRY-RUN] Would update 2d5e7361-6c27-81ed-b206-e28182bbabb1: {'Status': {'status': {'name': 'Archived'}}}
2026-01-03 04:41:09,091 - INFO - [DRY-RUN] Would update 2d5e7361-6c27-81f1-84b7-c21d5bab38f2: {'Status': {'status': {'name': 'Archived'}}}
2026-01-03 04:41:09,091 - INFO - [DRY-RUN] Would update 2d6e7361-6c27-815f-a465-fb237dcc5511: {'Status': {'status': {'name': 'Archived'}}}
2026-01-03 04:41:09,091 - INFO - [DRY-RUN] Would update 2d7e7361-6c27-818a-a701-cb4ac026b724: {'Status': {'status': {'name': 'Archived'}}}
2026-01-03 04:41:09,091 - INFO - [DRY-RUN] Would update 2d7e7361-6c27-81a8-8bd6-d5465ba74653: {'Status': {'status': {'name': 'Archived'}}}
2026-01-03 04:41:09,091 - INFO - [DRY-RUN] Would update 2d8e7361-6c27-812a-b8ac-e17644145436: {'Status': {'status': {'name': 'Archived'}}}
2026-01-03 04:41:09,091 - INFO - [DRY-RUN] Would update 2d8e7361-6c27-8138-b3e2-f3f46a74c8a4: {'Status': {'status': {'name': 'Archived'}}}
2026-01-03 04:41:09,091 - INFO - [DRY-RUN] Would update 2d8e7361-6c27-8181-a253-cebe587aa4a8: {'Status': {'status': {'name': 'Archived'}}}
2026-01-03 04:41:09,091 - INFO - [DRY-RUN] Would update 2d8e7361-6c27-8198-96bb-d360a4685b6e: {'Status': {'status': {'name': 'Archived'}}}
2026-01-03 04:41:09,091 - INFO - [DRY-RUN] Would update 2dae7361-6c27-81cd-815d-f488aa3c1e6c: {'Status': {'status': {'name': 'Archived'}}}
2026-01-03 04:41:09,091 - INFO - [DRY-RUN] Would update 2d8e7361-6c27-8101-b1fc-d84caf24cb71: {'Status': {'status': {'name': 'Archived'}}}
2026-01-03 04:41:09,091 - INFO - [DRY-RUN] Would update 2d8e7361-6c27-8104-9dd9-ffe3d20fe7a2: {'Status': {'status': {'name': 'Archived'}}}
2026-01-03 04:41:09,091 - INFO - [DRY-RUN] Would update 2d8e7361-6c27-8135-a574-f25299beb400: {'Status': {'status': {'name': 'Archived'}}}
2026-01-03 04:41:09,091 - INFO - [DRY-RUN] Would update 2d8e7361-6c27-8165-81de-d8ba21700fc6: {'Status': {'status': {'name': 'Archived'}}}
2026-01-03 04:41:09,091 - INFO - [DRY-RUN] Would update 2d8e7361-6c27-8184-b5ce-f8b37b9365af: {'Status': {'status': {'name': 'Archived'}}}
2026-01-03 04:41:09,092 - INFO - [DRY-RUN] Would update 2d8e7361-6c27-818d-af17-e41e4a41ac10: {'Status': {'status': {'name': 'Archived'}}}
2026-01-03 04:41:09,092 - INFO - [DRY-RUN] Would update 2d8e7361-6c27-81e4-9f7a-f6dc61219d41: {'Status': {'status': {'name': 'Archived'}}}
2026-01-03 04:41:09,092 - INFO - [DRY-RUN] Would update 2d9e7361-6c27-816b-9013-d91607af8ff2: {'Status': {'status': {'name': 'Archived'}}}
2026-01-03 04:41:09,092 - INFO - [DRY-RUN] Would update 2d9e7361-6c27-81aa-90e2-efe45ad8f6fc: {'Status': {'status': {'name': 'Archived'}}}
2026-01-03 04:41:09,092 - INFO - [DRY-RUN] Would update 2d9e7361-6c27-81af-994e-cf81cf5977ce: {'Status': {'status': {'name': 'Archived'}}}
2026-01-03 04:41:09,092 - INFO - [DRY-RUN] Would update 2d9e7361-6c27-81c6-bbdd-c0ebd7d35a49: {'Status': {'status': {'name': 'Archived'}}}
2026-01-03 04:41:09,092 - INFO - [DRY-RUN] Would update 2d9e7361-6c27-81e3-9862-d3e815ad6a63: {'Status': {'status': {'name': 'Archived'}}}
2026-01-03 04:41:09,092 - INFO - [DRY-RUN] Would update 2dae7361-6c27-8101-9312-c6e8196ac40b: {'Status': {'status': {'name': 'Archived'}}}
2026-01-03 04:41:09,092 - INFO - [DRY-RUN] Would update 2dae7361-6c27-8109-a718-f91772c24d19: {'Status': {'status': {'name': 'Archived'}}}
2026-01-03 04:41:09,092 - INFO - [DRY-RUN] Would update 2dae7361-6c27-813b-ab7a-e03c402d45d5: {'Status': {'status': {'name': 'Archived'}}}
2026-01-03 04:41:09,092 - INFO - [DRY-RUN] Would update 2dae7361-6c27-813d-91dd-ce05d97fe92a: {'Status': {'status': {'name': 'Archived'}}}
2026-01-03 04:41:09,093 - INFO - [DRY-RUN] Would update 2dae7361-6c27-816d-9401-edb83a6788c2: {'Status': {'status': {'name': 'Archived'}}}
2026-01-03 04:41:09,093 - INFO - [DRY-RUN] Would update 2dae7361-6c27-8195-b4c9-f9c9e396cb3c: {'Status': {'status': {'name': 'Archived'}}}
2026-01-03 04:41:09,093 - INFO - [DRY-RUN] Would update 2dae7361-6c27-81bc-bb1b-f5a3bf421208: {'Status': {'status': {'name': 'Archived'}}}
2026-01-03 04:41:09,093 - INFO - [DRY-RUN] Would update 2dae7361-6c27-81de-a794-c67d83a319a3: {'Status': {'status': {'name': 'Archived'}}}
2026-01-03 04:41:09,093 - INFO - [DRY-RUN] Would update 2dae7361-6c27-81e6-852c-f084fe999754: {'Status': {'status': {'name': 'Archived'}}}
2026-01-03 04:41:09,093 - INFO - [DRY-RUN] Would update 2d8e7361-6c27-8113-b854-e55ec749eda5: {'Status': {'status': {'name': 'Archived'}}}
2026-01-03 04:41:09,093 - INFO - [DRY-RUN] Would update 2d8e7361-6c27-815c-83f7-ff59c59e370c: {'Status': {'status': {'name': 'Archived'}}}
2026-01-03 04:41:09,093 - INFO - [DRY-RUN] Would update 2d8e7361-6c27-8119-b659-dccc0f808a19: {'Status': {'status': {'name': 'Archived'}}}
2026-01-03 04:41:09,093 - INFO - [DRY-RUN] Would update 2d8e7361-6c27-814d-b536-c7e2dadd3aa5: {'Status': {'status': {'name': 'Archived'}}}
2026-01-03 04:41:09,093 - INFO - [DRY-RUN] Would update 2d8e7361-6c27-8180-9cd9-e1304d5cb4ed: {'Status': {'status': {'name': 'Archived'}}}
2026-01-03 04:41:09,093 - INFO - [DRY-RUN] Would update 2d8e7361-6c27-8196-bf65-ce6454ad2686: {'Status': {'status': {'name': 'Archived'}}}
2026-01-03 04:41:09,093 - INFO - [DRY-RUN] Would update 2d8e7361-6c27-81ab-99ee-cb7d3e1d63ce: {'Status': {'status': {'name': 'Archived'}}}
2026-01-03 04:41:09,093 - INFO - [DRY-RUN] Would update 2d8e7361-6c27-81b1-ab4c-e757b08b459b: {'Status': {'status': {'name': 'Archived'}}}
2026-01-03 04:41:09,093 - INFO - [DRY-RUN] Would update 2d8e7361-6c27-81f5-83c9-d417bcb30091: {'Status': {'status': {'name': 'Archived'}}}
2026-01-03 04:41:09,094 - INFO - [DRY-RUN] Would update 2d9e7361-6c27-8112-8886-d346f92c988a: {'Status': {'status': {'name': 'Archived'}}}
2026-01-03 04:41:09,094 - INFO - [DRY-RUN] Would update 2d9e7361-6c27-813b-8af4-f31625307a0f: {'Status': {'status': {'name': 'Archived'}}}
2026-01-03 04:41:09,094 - INFO - [DRY-RUN] Would update 2d9e7361-6c27-81df-8f82-fe34feadc25e: {'Status': {'status': {'name': 'Archived'}}}
2026-01-03 04:41:09,094 - INFO - [DRY-RUN] Would update 2d9e7361-6c27-81fb-a7dc-e409f67c5eae: {'Status': {'status': {'name': 'Archived'}}}
2026-01-03 04:41:09,094 - INFO - [DRY-RUN] Would update 2dae7361-6c27-811f-b290-e4ed51376151: {'Status': {'status': {'name': 'Archived'}}}
2026-01-03 04:41:09,094 - INFO - [DRY-RUN] Would update 2dae7361-6c27-8142-befc-c1637cc3932e: {'Status': {'status': {'name': 'Archived'}}}
2026-01-03 04:41:09,094 - INFO - [DRY-RUN] Would update 2dae7361-6c27-8148-9df4-d7a95f65b888: {'Status': {'status': {'name': 'Archived'}}}
2026-01-03 04:41:09,094 - INFO - [DRY-RUN] Would update 2dae7361-6c27-814e-aa65-c5ffebda0059: {'Status': {'status': {'name': 'Archived'}}}
2026-01-03 04:41:09,094 - INFO - [DRY-RUN] Would update 2dae7361-6c27-8152-acf4-e6ed36df58d9: {'Status': {'status': {'name': 'Archived'}}}
2026-01-03 04:41:09,094 - INFO - [DRY-RUN] Would update 2dae7361-6c27-816a-bd41-dde4e9d22ac8: {'Status': {'status': {'name': 'Archived'}}}
2026-01-03 04:41:09,094 - INFO - [DRY-RUN] Would update 2dae7361-6c27-8173-9a36-d3c604586682: {'Status': {'status': {'name': 'Archived'}}}
2026-01-03 04:41:09,094 - INFO - [DRY-RUN] Would update 2dae7361-6c27-8199-9ee0-c0142b8baaa3: {'Status': {'status': {'name': 'Archived'}}}
2026-01-03 04:41:09,094 - INFO - [DRY-RUN] Would update 2dae7361-6c27-81f6-ace2-eb46ce781a63: {'Status': {'status': {'name': 'Archived'}}}
2026-01-03 04:41:09,094 - INFO - [DRY-RUN] Would update 2d8e7361-6c27-815f-9b34-e8680f76a567: {'Status': {'status': {'name': 'Archived'}}}
2026-01-03 04:41:09,094 - INFO - [DRY-RUN] Would update 2d8e7361-6c27-81a3-b010-c8229e759e0d: {'Status': {'status': {'name': 'Archived'}}}
2026-01-03 04:41:09,094 - INFO - [DRY-RUN] Would update 2d8e7361-6c27-8178-98c7-dc223ad7743d: {'Status': {'status': {'name': 'Archived'}}}
2026-01-03 04:41:09,094 - INFO - [DRY-RUN] Would update 2d8e7361-6c27-81d6-8913-e80c5de8f46d: {'Status': {'status': {'name': 'Archived'}}}
2026-01-03 04:41:09,094 - INFO - [DRY-RUN] Would update 2d9e7361-6c27-814f-937a-d9af885d5e93: {'Status': {'status': {'name': 'Archived'}}}
2026-01-03 04:41:09,094 - INFO - [DRY-RUN] Would update 2d9e7361-6c27-81a3-819d-dbff9972292c: {'Status': {'status': {'name': 'Archived'}}}
2026-01-03 04:41:09,094 - INFO - [DRY-RUN] Would update 2d9e7361-6c27-8167-9164-d3431f17a549: {'Status': {'status': {'name': 'Archived'}}}
2026-01-03 04:41:09,094 - INFO - [DRY-RUN] Would update 2d9e7361-6c27-8104-b04d-c9d5d5d592c0: {'Status': {'status': {'name': 'Archived'}}}
2026-01-03 04:41:09,094 - INFO - [DRY-RUN] Would update 2d9e7361-6c27-8108-8044-c752fc3d98bf: {'Status': {'status': {'name': 'Archived'}}}
2026-01-03 04:41:09,094 - INFO - [DRY-RUN] Would update 2d9e7361-6c27-8163-bfcd-f560101bee09: {'Status': {'status': {'name': 'Archived'}}}
2026-01-03 04:41:09,094 - INFO - [DRY-RUN] Would update 2d9e7361-6c27-810b-9e22-ec61fbbd7819: {'Status': {'status': {'name': 'Archived'}}}
2026-01-03 04:41:09,094 - INFO - [DRY-RUN] Would update 2d9e7361-6c27-810d-8db0-d6d932f136a9: {'Status': {'status': {'name': 'Archived'}}}
2026-01-03 04:41:09,094 - INFO - [DRY-RUN] Would update 2d9e7361-6c27-8143-b8b1-c16b948a3619: {'Status': {'status': {'name': 'Archived'}}}
2026-01-03 04:41:09,094 - INFO - [DRY-RUN] Would update 2d9e7361-6c27-810f-8c9f-fcd3ab64222e: {'Status': {'status': {'name': 'Archived'}}}
2026-01-03 04:41:09,094 - INFO - [DRY-RUN] Would update 2d9e7361-6c27-8111-a3c6-ddd251b0d050: {'Status': {'status': {'name': 'Archived'}}}
2026-01-03 04:41:09,094 - INFO - [DRY-RUN] Would update 2d9e7361-6c27-8111-a5c1-edd1ee2806b8: {'Status': {'status': {'name': 'Archived'}}}
2026-01-03 04:41:09,094 - INFO - [DRY-RUN] Would update 2d9e7361-6c27-8112-84ac-dec525b5a571: {'Status': {'status': {'name': 'Archived'}}}
2026-01-03 04:41:09,094 - INFO - [DRY-RUN] Would update 2d9e7361-6c27-8114-8386-d621f201e5cd: {'Status': {'status': {'name': 'Archived'}}}
2026-01-03 04:41:09,094 - INFO - [DRY-RUN] Would update 2d9e7361-6c27-8118-812c-d1e527ed9419: {'Status': {'status': {'name': 'Archived'}}}
2026-01-03 04:41:09,094 - INFO - [DRY-RUN] Would update 2d9e7361-6c27-8119-815f-c9afbb04fe9b: {'Status': {'status': {'name': 'Archived'}}}
2026-01-03 04:41:09,095 - INFO - [DRY-RUN] Would update 2d9e7361-6c27-8122-b864-def6fce2eac7: {'Status': {'status': {'name': 'Archived'}}}
2026-01-03 04:41:09,095 - INFO - [DRY-RUN] Would update 2d9e7361-6c27-81d1-ac57-ff5ff9e2972c: {'Status': {'status': {'name': 'Archived'}}}
2026-01-03 04:41:09,095 - INFO - [DRY-RUN] Would update 2d9e7361-6c27-811f-81b7-c0efa3959c91: {'Status': {'status': {'name': 'Archived'}}}
2026-01-03 04:41:09,095 - INFO - [DRY-RUN] Would update 2d9e7361-6c27-8121-afb5-f9399b787f0c: {'Status': {'status': {'name': 'Archived'}}}
2026-01-03 04:41:09,095 - INFO - [DRY-RUN] Would update 2d9e7361-6c27-8122-9fa5-fe364951dbf5: {'Status': {'status': {'name': 'Archived'}}}
2026-01-03 04:41:09,095 - INFO - [DRY-RUN] Would update 2d9e7361-6c27-81b4-8ffd-f7a7d81577ee: {'Status': {'status': {'name': 'Archived'}}}
2026-01-03 04:41:09,095 - INFO - [DRY-RUN] Would update 2d9e7361-6c27-8181-85e3-cbd94519e2a9: {'Status': {'status': {'name': 'Archived'}}}
2026-01-03 04:41:09,095 - INFO - [DRY-RUN] Would update 2d9e7361-6c27-8148-a963-ef14cf5856be: {'Status': {'status': {'name': 'Archived'}}}
2026-01-03 04:41:09,095 - INFO - [DRY-RUN] Would update 2d9e7361-6c27-81fd-a72a-d2934538c7c2: {'Status': {'status': {'name': 'Archived'}}}
2026-01-03 04:41:09,095 - INFO - [DRY-RUN] Would update 2d9e7361-6c27-8128-a6bb-d4510ac33324: {'Status': {'status': {'name': 'Archived'}}}
2026-01-03 04:41:09,095 - INFO - [DRY-RUN] Would update 2d9e7361-6c27-81f0-bdc1-ee5de7216c15: {'Status': {'status': {'name': 'Archived'}}}
2026-01-03 04:41:09,095 - INFO - [DRY-RUN] Would update 2d9e7361-6c27-812a-b861-ea1737df4686: {'Status': {'status': {'name': 'Archived'}}}
2026-01-03 04:41:09,095 - INFO - [DRY-RUN] Would update 2d9e7361-6c27-81ea-b583-c947ee34e616: {'Status': {'status': {'name': 'Archived'}}}
2026-01-03 04:41:09,095 - INFO - [DRY-RUN] Would update 2d9e7361-6c27-8163-a383-f55cb21c0752: {'Status': {'status': {'name': 'Archived'}}}
2026-01-03 04:41:09,095 - INFO - [DRY-RUN] Would update 2d9e7361-6c27-81c2-a3c4-c3ebffe1026c: {'Status': {'status': {'name': 'Archived'}}}
2026-01-03 04:41:09,095 - INFO - [DRY-RUN] Would update 2d9e7361-6c27-81e3-a3db-c639666307f2: {'Status': {'status': {'name': 'Archived'}}}
2026-01-03 04:41:09,095 - INFO - [DRY-RUN] Would update 2d9e7361-6c27-813f-8f1f-e2fd04748567: {'Status': {'status': {'name': 'Archived'}}}
2026-01-03 04:41:09,095 - INFO - [DRY-RUN] Would update 2d9e7361-6c27-8174-9d41-e47246c7c501: {'Status': {'status': {'name': 'Archived'}}}
2026-01-03 04:41:09,095 - INFO - [DRY-RUN] Would update 2d9e7361-6c27-8140-a394-c1e180a64e1a: {'Status': {'status': {'name': 'Archived'}}}
2026-01-03 04:41:09,096 - INFO - [DRY-RUN] Would update 2d9e7361-6c27-8145-8ce7-e98ab77df9ff: {'Status': {'status': {'name': 'Archived'}}}
2026-01-03 04:41:09,096 - INFO - [DRY-RUN] Would update 2d9e7361-6c27-8185-a382-c9dfd00473b8: {'Status': {'status': {'name': 'Archived'}}}
2026-01-03 04:41:09,096 - INFO - [DRY-RUN] Would update 2d9e7361-6c27-8147-b475-d1e32c6a22f9: {'Status': {'status': {'name': 'Archived'}}}
2026-01-03 04:41:09,096 - INFO - [DRY-RUN] Would update 2d9e7361-6c27-8148-99e7-c1f9fcc0dc39: {'Status': {'status': {'name': 'Archived'}}}
2026-01-03 04:41:09,096 - INFO - [DRY-RUN] Would update 2d9e7361-6c27-81ce-ada9-ef72a238c5e8: {'Status': {'status': {'name': 'Archived'}}}
2026-01-03 04:41:09,096 - INFO - [DRY-RUN] Would update 2d9e7361-6c27-81ce-a449-c7898d563043: {'Status': {'status': {'name': 'Archived'}}}
2026-01-03 04:41:09,096 - INFO - [DRY-RUN] Would update 2d9e7361-6c27-8151-9045-eca0de8c5bbd: {'Status': {'status': {'name': 'Archived'}}}
2026-01-03 04:41:09,096 - INFO - [DRY-RUN] Would update 2d9e7361-6c27-8153-95c9-fcd25d3f905d: {'Status': {'status': {'name': 'Archived'}}}
2026-01-03 04:41:09,096 - INFO - [DRY-RUN] Would update 2d9e7361-6c27-8153-99ef-f14f732afd1f: {'Status': {'status': {'name': 'Archived'}}}
2026-01-03 04:41:09,096 - INFO - [DRY-RUN] Would update 2d9e7361-6c27-8155-ba6f-dfc9bc33f591: {'Status': {'status': {'name': 'Archived'}}}
2026-01-03 04:41:09,096 - INFO - [DRY-RUN] Would update 2d9e7361-6c27-81e2-af0c-e83e5066df83: {'Status': {'status': {'name': 'Archived'}}}
2026-01-03 04:41:09,096 - INFO - [DRY-RUN] Would update 2d9e7361-6c27-8166-94c9-ea91c3c8d85b: {'Status': {'status': {'name': 'Archived'}}}
2026-01-03 04:41:09,096 - INFO - [DRY-RUN] Would update 2d9e7361-6c27-81e7-878e-faecc96475eb: {'Status': {'status': {'name': 'Archived'}}}
2026-01-03 04:41:09,096 - INFO - [DRY-RUN] Would update 2d9e7361-6c27-819d-82cb-cc01eca0a105: {'Status': {'status': {'name': 'Archived'}}}
2026-01-03 04:41:09,096 - INFO - [DRY-RUN] Would update 2d9e7361-6c27-8169-91a3-c862f1f6902f: {'Status': {'status': {'name': 'Archived'}}}
2026-01-03 04:41:09,096 - INFO - [DRY-RUN] Would update 2d9e7361-6c27-8169-9924-f1ca5d4c3b66: {'Status': {'status': {'name': 'Archived'}}}
2026-01-03 04:41:09,096 - INFO - [DRY-RUN] Would update 2d9e7361-6c27-816a-ae8a-f641bef92378: {'Status': {'status': {'name': 'Archived'}}}
2026-01-03 04:41:09,096 - INFO - [DRY-RUN] Would update 2d9e7361-6c27-81ae-a7fe-e1a3556f6abf: {'Status': {'status': {'name': 'Archived'}}}
2026-01-03 04:41:09,097 - INFO - [DRY-RUN] Would update 2d9e7361-6c27-816c-a121-c5152c4ae7d7: {'Status': {'status': {'name': 'Archived'}}}
2026-01-03 04:41:09,097 - INFO - [DRY-RUN] Would update 2d9e7361-6c27-81d5-b040-ec227d8d89e7: {'Status': {'status': {'name': 'Archived'}}}
2026-01-03 04:41:09,097 - INFO - [DRY-RUN] Would update 2d9e7361-6c27-8177-8850-c8e16ff8c6a4: {'Status': {'status': {'name': 'Archived'}}}
2026-01-03 04:41:09,097 - INFO - [DRY-RUN] Would update 2d9e7361-6c27-8172-aa4d-c190acea64bb: {'Status': {'status': {'name': 'Archived'}}}
2026-01-03 04:41:09,097 - INFO - [DRY-RUN] Would update 2d9e7361-6c27-81c5-8d1c-ecfce995286c: {'Status': {'status': {'name': 'Archived'}}}
2026-01-03 04:41:09,097 - INFO - [DRY-RUN] Would update 2d9e7361-6c27-8191-826b-e8087c65060b: {'Status': {'status': {'name': 'Archived'}}}
2026-01-03 04:41:09,097 - INFO - [DRY-RUN] Would update 2d9e7361-6c27-81a5-aa99-caadcc9d4942: {'Status': {'status': {'name': 'Archived'}}}
2026-01-03 04:41:09,097 - INFO - [DRY-RUN] Would update 2d9e7361-6c27-8177-bf9d-fa9bc0f21b02: {'Status': {'status': {'name': 'Archived'}}}
2026-01-03 04:41:09,097 - INFO - [DRY-RUN] Would update 2d9e7361-6c27-817a-91de-e0ba0f13addf: {'Status': {'status': {'name': 'Archived'}}}
2026-01-03 04:41:09,097 - INFO - [DRY-RUN] Would update 2d9e7361-6c27-817b-b72f-e61266922d7b: {'Status': {'status': {'name': 'Archived'}}}
2026-01-03 04:41:09,097 - INFO - [DRY-RUN] Would update 2d9e7361-6c27-817c-89db-fcbd7cb4f7e3: {'Status': {'status': {'name': 'Archived'}}}
2026-01-03 04:41:09,097 - INFO - [DRY-RUN] Would update 2d9e7361-6c27-8181-838c-c4c1fe5e97f3: {'Status': {'status': {'name': 'Archived'}}}
2026-01-03 04:41:09,097 - INFO - [DRY-RUN] Would update 2d9e7361-6c27-81d2-9f8b-e19c3fb70475: {'Status': {'status': {'name': 'Archived'}}}
2026-01-03 04:41:09,097 - INFO - [DRY-RUN] Would update 2d9e7361-6c27-8188-89c5-d88e48a5a8c9: {'Status': {'status': {'name': 'Archived'}}}
2026-01-03 04:41:09,097 - INFO - [DRY-RUN] Would update 2d9e7361-6c27-818c-a049-fc4b5e485c45: {'Status': {'status': {'name': 'Archived'}}}
2026-01-03 04:41:09,097 - INFO - [DRY-RUN] Would update 2d9e7361-6c27-81eb-bcc6-e13a20f27e05: {'Status': {'status': {'name': 'Archived'}}}
2026-01-03 04:41:09,097 - INFO - [DRY-RUN] Would update 2d9e7361-6c27-8191-8dbe-c5331028ec3c: {'Status': {'status': {'name': 'Archived'}}}
2026-01-03 04:41:09,097 - INFO - [DRY-RUN] Would update 2d9e7361-6c27-81a9-a2df-d0d51bd98afc: {'Status': {'status': {'name': 'Archived'}}}
2026-01-03 04:41:09,097 - INFO - [DRY-RUN] Would update 2d9e7361-6c27-81cd-9a8b-d41184750db5: {'Status': {'status': {'name': 'Archived'}}}
2026-01-03 04:41:09,097 - INFO - [DRY-RUN] Would update 2d9e7361-6c27-81b9-ad80-c203d0ed5429: {'Status': {'status': {'name': 'Archived'}}}
2026-01-03 04:41:09,098 - INFO - [DRY-RUN] Would update 2d9e7361-6c27-81b6-aeb9-e0b25f0c2256: {'Status': {'status': {'name': 'Archived'}}}
2026-01-03 04:41:09,098 - INFO - [DRY-RUN] Would update 2d9e7361-6c27-819a-bc04-f3e88408bbc3: {'Status': {'status': {'name': 'Archived'}}}
2026-01-03 04:41:09,098 - INFO - [DRY-RUN] Would update 2d9e7361-6c27-819c-b7fb-ff3a8b80093a: {'Status': {'status': {'name': 'Archived'}}}
2026-01-03 04:41:09,098 - INFO - [DRY-RUN] Would update 2d9e7361-6c27-81b6-9866-c23204baf69d: {'Status': {'status': {'name': 'Archived'}}}
2026-01-03 04:41:09,098 - INFO - [DRY-RUN] Would update 2d9e7361-6c27-81a9-bfd4-ca29206df9a0: {'Status': {'status': {'name': 'Archived'}}}
2026-01-03 04:41:09,098 - INFO - [DRY-RUN] Would update 2d9e7361-6c27-81aa-95a3-c9635e8cd50e: {'Status': {'status': {'name': 'Archived'}}}
2026-01-03 04:41:09,098 - INFO - [DRY-RUN] Would update 2d9e7361-6c27-81c8-96ea-c14ad246c79d: {'Status': {'status': {'name': 'Archived'}}}
2026-01-03 04:41:09,098 - INFO - [DRY-RUN] Would update 2d9e7361-6c27-81b4-9cfc-eb384525162e: {'Status': {'status': {'name': 'Archived'}}}
2026-01-03 04:41:09,098 - INFO - [DRY-RUN] Would update 2d9e7361-6c27-81b6-b82c-f558d515e42c: {'Status': {'status': {'name': 'Archived'}}}
2026-01-03 04:41:09,098 - INFO - [DRY-RUN] Would update 2d9e7361-6c27-81c2-9b42-d225ac646096: {'Status': {'status': {'name': 'Archived'}}}
2026-01-03 04:41:09,098 - INFO - [DRY-RUN] Would update 2d9e7361-6c27-81d2-b150-f6a7c1c15dd5: {'Status': {'status': {'name': 'Archived'}}}
2026-01-03 04:41:09,098 - INFO - [DRY-RUN] Would update 2d9e7361-6c27-81dd-bb4a-fd1dcab37336: {'Status': {'status': {'name': 'Archived'}}}
2026-01-03 04:41:09,098 - INFO - [DRY-RUN] Would update 2d9e7361-6c27-81f6-8dca-e5a92e53af91: {'Status': {'status': {'name': 'Archived'}}}
2026-01-03 04:41:09,098 - INFO - [DRY-RUN] Would update 2d9e7361-6c27-81e2-bbed-e7c7547be698: {'Status': {'status': {'name': 'Archived'}}}
2026-01-03 04:41:09,098 - INFO - [DRY-RUN] Would update 2d9e7361-6c27-81ee-ae76-d43d62d400da: {'Status': {'status': {'name': 'Archived'}}}
2026-01-03 04:41:09,098 - INFO - [DRY-RUN] Would update 2d9e7361-6c27-81ec-80ed-d56184d7ce29: {'Status': {'status': {'name': 'Archived'}}}
2026-01-03 04:41:09,098 - INFO - [DRY-RUN] Would update 2dae7361-6c27-8101-aa42-e875bf8e033b: {'Status': {'status': {'name': 'Archived'}}}
2026-01-03 04:41:09,098 - INFO - [DRY-RUN] Would update 2dae7361-6c27-81d3-9dc5-ca725fbea3d8: {'Status': {'status': {'name': 'Archived'}}}
2026-01-03 04:41:09,098 - INFO - [DRY-RUN] Would update 2dae7361-6c27-8136-ba44-f7379eb6d803: {'Status': {'status': {'name': 'Archived'}}}
2026-01-03 04:41:09,098 - INFO - [DRY-RUN] Would update 2dae7361-6c27-8161-9740-d96a952f2f41: {'Status': {'status': {'name': 'Archived'}}}
2026-01-03 04:41:09,098 - INFO - [DRY-RUN] Would update 2d9e7361-6c27-8101-905e-c356b117cf7f: {'Status': {'status': {'name': 'Archived'}}}
2026-01-03 04:41:09,099 - INFO - [DRY-RUN] Would update 2d9e7361-6c27-8101-9bec-e1a6226dd90a: {'Status': {'status': {'name': 'Archived'}}}
2026-01-03 04:41:09,099 - INFO - [DRY-RUN] Would update 2d9e7361-6c27-8103-92eb-d08e26699ccf: {'Status': {'status': {'name': 'Archived'}}}
2026-01-03 04:41:09,099 - INFO - [DRY-RUN] Would update 2d9e7361-6c27-8108-82f7-c7d68fbc0fd4: {'Status': {'status': {'name': 'Archived'}}}
2026-01-03 04:41:09,099 - INFO - [DRY-RUN] Would update 2d9e7361-6c27-810b-a885-f72e6f3b1b88: {'Status': {'status': {'name': 'Archived'}}}
2026-01-03 04:41:09,099 - INFO - [DRY-RUN] Would update 2d9e7361-6c27-810b-b1b9-f6325623410d: {'Status': {'status': {'name': 'Archived'}}}
2026-01-03 04:41:09,099 - INFO - [DRY-RUN] Would update 2d9e7361-6c27-810e-9e25-fa7508d295ad: {'Status': {'status': {'name': 'Archived'}}}
2026-01-03 04:41:09,099 - INFO - [DRY-RUN] Would update 2d9e7361-6c27-8114-bf69-d24bf1175575: {'Status': {'status': {'name': 'Archived'}}}
2026-01-03 04:41:09,099 - INFO - [DRY-RUN] Would update 2d9e7361-6c27-8119-8e66-cef08b3b0fd0: {'Status': {'status': {'name': 'Archived'}}}
2026-01-03 04:41:09,100 - INFO - [DRY-RUN] Would update 2d9e7361-6c27-811b-8366-d2552653d507: {'Status': {'status': {'name': 'Archived'}}}
2026-01-03 04:41:09,100 - INFO - [DRY-RUN] Would update 2d9e7361-6c27-811b-bfce-c541a9f8b80d: {'Status': {'status': {'name': 'Archived'}}}
2026-01-03 04:41:09,100 - INFO - [DRY-RUN] Would update 2d9e7361-6c27-811c-87ec-cbd5bcdbd78d: {'Status': {'status': {'name': 'Archived'}}}
2026-01-03 04:41:09,100 - INFO - [DRY-RUN] Would update 2d9e7361-6c27-811e-b789-c38dfbd964d1: {'Status': {'status': {'name': 'Archived'}}}
2026-01-03 04:41:09,100 - INFO - [DRY-RUN] Would update 2d9e7361-6c27-8123-9bf1-f508fdcbe5cc: {'Status': {'status': {'name': 'Archived'}}}
2026-01-03 04:41:09,100 - INFO - [DRY-RUN] Would update 2d9e7361-6c27-8124-afe9-f0119331a48d: {'Status': {'status': {'name': 'Archived'}}}
2026-01-03 04:41:09,100 - INFO - [DRY-RUN] Would update 2d9e7361-6c27-8125-820c-d7196d27ce34: {'Status': {'status': {'name': 'Archived'}}}
2026-01-03 04:41:09,100 - INFO - [DRY-RUN] Would update 2d9e7361-6c27-8125-bca1-d4e8fa34852f: {'Status': {'status': {'name': 'Archived'}}}
2026-01-03 04:41:09,100 - INFO - [DRY-RUN] Would update 2d9e7361-6c27-8127-80dd-df602e67a7f6: {'Status': {'status': {'name': 'Archived'}}}
2026-01-03 04:41:09,100 - INFO - [DRY-RUN] Would update 2d9e7361-6c27-8127-a0fe-f138a4934ef1: {'Status': {'status': {'name': 'Archived'}}}
2026-01-03 04:41:09,100 - INFO - [DRY-RUN] Would update 2d9e7361-6c27-8129-8491-fcc7093b8273: {'Status': {'status': {'name': 'Archived'}}}
2026-01-03 04:41:09,100 - INFO - [DRY-RUN] Would update 2d9e7361-6c27-812a-a176-c100d200047d: {'Status': {'status': {'name': 'Archived'}}}
2026-01-03 04:41:09,100 - INFO - [DRY-RUN] Would update 2d9e7361-6c27-812c-b1f5-e127be16822f: {'Status': {'status': {'name': 'Archived'}}}
2026-01-03 04:41:09,100 - INFO - [DRY-RUN] Would update 2d9e7361-6c27-812e-b4e3-c6878ef8623d: {'Status': {'status': {'name': 'Archived'}}}
2026-01-03 04:41:09,100 - INFO - [DRY-RUN] Would update 2d9e7361-6c27-812f-bb6b-d3229a79eb8e: {'Status': {'status': {'name': 'Archived'}}}
2026-01-03 04:41:09,101 - INFO - [DRY-RUN] Would update 2d9e7361-6c27-8134-ab93-cd6648aa47e2: {'Status': {'status': {'name': 'Archived'}}}
2026-01-03 04:41:09,101 - INFO - [DRY-RUN] Would update 2d9e7361-6c27-8135-a76a-c906dfb8d7f0: {'Status': {'status': {'name': 'Archived'}}}
2026-01-03 04:41:09,101 - INFO - [DRY-RUN] Would update 2d9e7361-6c27-8137-8e1a-f963f79058de: {'Status': {'status': {'name': 'Archived'}}}
2026-01-03 04:41:09,101 - INFO - [DRY-RUN] Would update 2d9e7361-6c27-813b-9916-c4be846dd584: {'Status': {'status': {'name': 'Archived'}}}
2026-01-03 04:41:09,101 - INFO - [DRY-RUN] Would update 2d9e7361-6c27-813c-ac05-de4f6400d6d0: {'Status': {'status': {'name': 'Archived'}}}
2026-01-03 04:41:09,101 - INFO - [DRY-RUN] Would update 2d9e7361-6c27-813d-9e95-d15c0a1093ce: {'Status': {'status': {'name': 'Archived'}}}
2026-01-03 04:41:09,101 - INFO - [DRY-RUN] Would update 2d9e7361-6c27-813f-a2e1-f932000f6235: {'Status': {'status': {'name': 'Archived'}}}
2026-01-03 04:41:09,101 - INFO - [DRY-RUN] Would update 2d9e7361-6c27-8146-a390-faeb9b79eba7: {'Status': {'status': {'name': 'Archived'}}}
2026-01-03 04:41:09,101 - INFO - [DRY-RUN] Would update 2d9e7361-6c27-8147-8814-cbfcd1de13d2: {'Status': {'status': {'name': 'Archived'}}}
2026-01-03 04:41:09,101 - INFO - [DRY-RUN] Would update 2d9e7361-6c27-8148-9db3-f0cd22ee4bd6: {'Status': {'status': {'name': 'Archived'}}}
2026-01-03 04:41:09,102 - INFO - [DRY-RUN] Would update 2d9e7361-6c27-8148-a644-ca4ba8941f06: {'Status': {'status': {'name': 'Archived'}}}
2026-01-03 04:41:09,102 - INFO - [DRY-RUN] Would update 2d9e7361-6c27-8149-be13-e056257028e4: {'Status': {'status': {'name': 'Archived'}}}
2026-01-03 04:41:09,102 - INFO - [DRY-RUN] Would update 2d9e7361-6c27-814c-afff-edfeee6e41c4: {'Status': {'status': {'name': 'Archived'}}}
2026-01-03 04:41:09,102 - INFO - [DRY-RUN] Would update 2d9e7361-6c27-814e-a011-d2d892f24212: {'Status': {'status': {'name': 'Archived'}}}
2026-01-03 04:41:09,102 - INFO - [DRY-RUN] Would update 2d9e7361-6c27-814f-a86f-ffcf50c026b4: {'Status': {'status': {'name': 'Archived'}}}
2026-01-03 04:41:09,102 - INFO - [DRY-RUN] Would update 2d9e7361-6c27-8151-992d-e28e377c064c: {'Status': {'status': {'name': 'Archived'}}}
2026-01-03 04:41:09,102 - INFO - [DRY-RUN] Would update 2d9e7361-6c27-8153-bb38-d602cf2d1ff8: {'Status': {'status': {'name': 'Archived'}}}
2026-01-03 04:41:09,102 - INFO - [DRY-RUN] Would update 2d9e7361-6c27-8155-bf6d-eb2c0752d683: {'Status': {'status': {'name': 'Archived'}}}
2026-01-03 04:41:09,103 - INFO - [DRY-RUN] Would update 2d9e7361-6c27-8156-97b4-c66d89f886db: {'Status': {'status': {'name': 'Archived'}}}
2026-01-03 04:41:09,103 - INFO - [DRY-RUN] Would update 2d9e7361-6c27-8156-b7ff-c054e1e79970: {'Status': {'status': {'name': 'Archived'}}}
2026-01-03 04:41:09,103 - INFO - [DRY-RUN] Would update 2d9e7361-6c27-8162-a14d-ddd8dd9ff7e7: {'Status': {'status': {'name': 'Archived'}}}
2026-01-03 04:41:09,103 - INFO - [DRY-RUN] Would update 2d9e7361-6c27-8165-8e79-d0f533f34dff: {'Status': {'status': {'name': 'Archived'}}}
2026-01-03 04:41:09,103 - INFO - [DRY-RUN] Would update 2d9e7361-6c27-8166-98ee-c660f331e421: {'Status': {'status': {'name': 'Archived'}}}
2026-01-03 04:41:09,103 - INFO - [DRY-RUN] Would update 2d9e7361-6c27-8166-9d26-d33931d7527f: {'Status': {'status': {'name': 'Archived'}}}
2026-01-03 04:41:09,103 - INFO - [DRY-RUN] Would update 2d9e7361-6c27-8167-a564-fcd9739823cf: {'Status': {'status': {'name': 'Archived'}}}
2026-01-03 04:41:09,104 - INFO - [DRY-RUN] Would update 2d9e7361-6c27-816b-ba0e-d2b12ca38c97: {'Status': {'status': {'name': 'Archived'}}}
2026-01-03 04:41:09,104 - INFO - [DRY-RUN] Would update 2d9e7361-6c27-8170-8679-e4a15368b050: {'Status': {'status': {'name': 'Archived'}}}
2026-01-03 04:41:09,104 - INFO - [DRY-RUN] Would update 2d9e7361-6c27-8171-8f61-d733c51e0d44: {'Status': {'status': {'name': 'Archived'}}}
2026-01-03 04:41:09,104 - INFO - [DRY-RUN] Would update 2d9e7361-6c27-8172-b2ad-f8cc89cdd6c1: {'Status': {'status': {'name': 'Archived'}}}
2026-01-03 04:41:09,104 - INFO - [DRY-RUN] Would update 2d9e7361-6c27-8172-ba23-e555e7d7cfca: {'Status': {'status': {'name': 'Archived'}}}
2026-01-03 04:41:09,104 - INFO - [DRY-RUN] Would update 2d9e7361-6c27-8175-a8bb-cfacc07a4ca8: {'Status': {'status': {'name': 'Archived'}}}
2026-01-03 04:41:09,104 - INFO - [DRY-RUN] Would update 2d9e7361-6c27-8178-87b8-f358c895b00f: {'Status': {'status': {'name': 'Archived'}}}
2026-01-03 04:41:09,104 - INFO - [DRY-RUN] Would update 2d9e7361-6c27-8179-a691-ea5149698219: {'Status': {'status': {'name': 'Archived'}}}
2026-01-03 04:41:09,104 - INFO - [DRY-RUN] Would update 2d9e7361-6c27-817e-960c-ec1294478144: {'Status': {'status': {'name': 'Archived'}}}
2026-01-03 04:41:09,105 - INFO - [DRY-RUN] Would update 2d9e7361-6c27-8181-a237-f27258426e29: {'Status': {'status': {'name': 'Archived'}}}
2026-01-03 04:41:09,105 - INFO - [DRY-RUN] Would update 2d9e7361-6c27-8181-b36e-fa09cd31274a: {'Status': {'status': {'name': 'Archived'}}}
2026-01-03 04:41:09,105 - INFO - [DRY-RUN] Would update 2d9e7361-6c27-8187-937a-dd00c4e33188: {'Status': {'status': {'name': 'Archived'}}}
2026-01-03 04:41:09,105 - INFO - [DRY-RUN] Would update 2d9e7361-6c27-818c-b91d-d80ca0169368: {'Status': {'status': {'name': 'Archived'}}}
2026-01-03 04:41:09,105 - INFO - [DRY-RUN] Would update 2d9e7361-6c27-818d-92d1-e9ac0dc7afeb: {'Status': {'status': {'name': 'Archived'}}}
2026-01-03 04:41:09,105 - INFO - [DRY-RUN] Would update 2d9e7361-6c27-818e-a56d-e773078ec3a3: {'Status': {'status': {'name': 'Archived'}}}
2026-01-03 04:41:09,105 - INFO - [DRY-RUN] Would update 2d9e7361-6c27-818f-966f-f896fc145874: {'Status': {'status': {'name': 'Archived'}}}
2026-01-03 04:41:09,106 - INFO - [DRY-RUN] Would update 2d9e7361-6c27-8190-ab7e-f094f8e71ab7: {'Status': {'status': {'name': 'Archived'}}}
2026-01-03 04:41:09,106 - INFO - [DRY-RUN] Would update 2d9e7361-6c27-8193-a30e-eaaa957aeaa1: {'Status': {'status': {'name': 'Archived'}}}
2026-01-03 04:41:09,106 - INFO - [DRY-RUN] Would update 2d9e7361-6c27-8193-bdcc-c1d2baa123f6: {'Status': {'status': {'name': 'Archived'}}}
2026-01-03 04:41:09,106 - INFO - [DRY-RUN] Would update 2d9e7361-6c27-8194-b014-edf7208078c1: {'Status': {'status': {'name': 'Archived'}}}
2026-01-03 04:41:09,106 - INFO - [DRY-RUN] Would update 2d9e7361-6c27-8194-b5a1-edc6237cf11e: {'Status': {'status': {'name': 'Archived'}}}
2026-01-03 04:41:09,106 - INFO - [DRY-RUN] Would update 2d9e7361-6c27-8196-9a10-c3edc9fc2111: {'Status': {'status': {'name': 'Archived'}}}
2026-01-03 04:41:09,106 - INFO - [DRY-RUN] Would update 2d9e7361-6c27-8198-9b4a-ffd997c2c82b: {'Status': {'status': {'name': 'Archived'}}}
2026-01-03 04:41:09,107 - INFO - [DRY-RUN] Would update 2d9e7361-6c27-8199-93c6-f17040cc40b9: {'Status': {'status': {'name': 'Archived'}}}
2026-01-03 04:41:09,107 - INFO - [DRY-RUN] Would update 2d9e7361-6c27-8199-b502-fc81bc1a0a84: {'Status': {'status': {'name': 'Archived'}}}
2026-01-03 04:41:09,107 - INFO - [DRY-RUN] Would update 2d9e7361-6c27-819d-8a4f-eaea665f0620: {'Status': {'status': {'name': 'Archived'}}}
2026-01-03 04:41:09,107 - INFO - [DRY-RUN] Would update 2d9e7361-6c27-819e-8e0e-d97a815033e4: {'Status': {'status': {'name': 'Archived'}}}
2026-01-03 04:41:09,108 - INFO - [DRY-RUN] Would update 2d9e7361-6c27-81a1-8d01-d28bd9620007: {'Status': {'status': {'name': 'Archived'}}}
2026-01-03 04:41:09,109 - INFO - [DRY-RUN] Would update 2d9e7361-6c27-81a3-9ce0-d1713e7fa8c8: {'Status': {'status': {'name': 'Archived'}}}
2026-01-03 04:41:09,109 - INFO - [DRY-RUN] Would update 2d9e7361-6c27-81a3-9efa-efed8d7038b2: {'Status': {'status': {'name': 'Archived'}}}
2026-01-03 04:41:09,109 - INFO - [DRY-RUN] Would update 2d9e7361-6c27-81a5-9919-c4cf84b2851b: {'Status': {'status': {'name': 'Archived'}}}
2026-01-03 04:41:09,109 - INFO - [DRY-RUN] Would update 2d9e7361-6c27-81a6-9525-f7327acac9c1: {'Status': {'status': {'name': 'Archived'}}}
2026-01-03 04:41:09,109 - INFO - [DRY-RUN] Would update 2d9e7361-6c27-81a6-abc0-e3cc9965a5e3: {'Status': {'status': {'name': 'Archived'}}}
2026-01-03 04:41:09,109 - INFO - [DRY-RUN] Would update 2d9e7361-6c27-81a7-bbec-f774da972724: {'Status': {'status': {'name': 'Archived'}}}
2026-01-03 04:41:09,109 - INFO - [DRY-RUN] Would update 2d9e7361-6c27-81aa-a1bb-cfe0d0a8e66d: {'Status': {'status': {'name': 'Archived'}}}
2026-01-03 04:41:09,109 - INFO - [DRY-RUN] Would update 2d9e7361-6c27-81aa-aa6a-c58896495c6c: {'Status': {'status': {'name': 'Archived'}}}
2026-01-03 04:41:09,109 - INFO - [DRY-RUN] Would update 2d9e7361-6c27-81af-bda5-f15550fa2f59: {'Status': {'status': {'name': 'Archived'}}}
2026-01-03 04:41:09,110 - INFO - [DRY-RUN] Would update 2d9e7361-6c27-81b1-8871-d7d1ff97e905: {'Status': {'status': {'name': 'Archived'}}}
2026-01-03 04:41:09,110 - INFO - [DRY-RUN] Would update 2d9e7361-6c27-81b2-b40a-fb249a712ee6: {'Status': {'status': {'name': 'Archived'}}}
2026-01-03 04:41:09,110 - INFO - [DRY-RUN] Would update 2d9e7361-6c27-81b7-9b2d-efad79a0278e: {'Status': {'status': {'name': 'Archived'}}}
2026-01-03 04:41:09,110 - INFO - [DRY-RUN] Would update 2d9e7361-6c27-81b8-8a6f-c3ad48ef040b: {'Status': {'status': {'name': 'Archived'}}}
2026-01-03 04:41:09,110 - INFO - [DRY-RUN] Would update 2d9e7361-6c27-81b8-b94f-d1067937304c: {'Status': {'status': {'name': 'Archived'}}}
2026-01-03 04:41:09,110 - INFO - [DRY-RUN] Would update 2d9e7361-6c27-81b9-9417-c14c6add076f: {'Status': {'status': {'name': 'Archived'}}}
2026-01-03 04:41:09,110 - INFO - [DRY-RUN] Would update 2d9e7361-6c27-81bd-b22d-e15c7d949d18: {'Status': {'status': {'name': 'Archived'}}}
2026-01-03 04:41:09,110 - INFO - [DRY-RUN] Would update 2d9e7361-6c27-81c1-a588-f7be9e430b3d: {'Status': {'status': {'name': 'Archived'}}}
2026-01-03 04:41:09,110 - INFO - [DRY-RUN] Would update 2d9e7361-6c27-81c2-ab9e-e58d70f5a32d: {'Status': {'status': {'name': 'Archived'}}}
2026-01-03 04:41:09,111 - INFO - [DRY-RUN] Would update 2d9e7361-6c27-81c3-8c14-e9d644a0cbee: {'Status': {'status': {'name': 'Archived'}}}
2026-01-03 04:41:09,111 - INFO - [DRY-RUN] Would update 2d9e7361-6c27-81c9-a60f-e27096149040: {'Status': {'status': {'name': 'Archived'}}}
2026-01-03 04:41:09,111 - INFO - [DRY-RUN] Would update 2d9e7361-6c27-81ca-8b08-ee0c90ccde80: {'Status': {'status': {'name': 'Archived'}}}
2026-01-03 04:41:09,111 - INFO - [DRY-RUN] Would update 2d9e7361-6c27-81cb-8dc5-f338663020d8: {'Status': {'status': {'name': 'Archived'}}}
2026-01-03 04:41:09,111 - INFO - [DRY-RUN] Would update 2d9e7361-6c27-81ce-9721-cfa40c4da73b: {'Status': {'status': {'name': 'Archived'}}}
2026-01-03 04:41:09,111 - INFO - [DRY-RUN] Would update 2d9e7361-6c27-81d1-94ae-e0f21af3ec87: {'Status': {'status': {'name': 'Archived'}}}
2026-01-03 04:41:09,111 - INFO - [DRY-RUN] Would update 2d9e7361-6c27-81d2-837c-cc4464d208dd: {'Status': {'status': {'name': 'Archived'}}}
2026-01-03 04:41:09,111 - INFO - [DRY-RUN] Would update 2d9e7361-6c27-81d2-8b76-cfdccbd0bd52: {'Status': {'status': {'name': 'Archived'}}}
2026-01-03 04:41:09,111 - INFO - [DRY-RUN] Would update 2d9e7361-6c27-81d8-84bc-f022a4aa8c54: {'Status': {'status': {'name': 'Archived'}}}
2026-01-03 04:41:09,111 - INFO - [DRY-RUN] Would update 2d9e7361-6c27-81d8-91f6-dff7c575347f: {'Status': {'status': {'name': 'Archived'}}}
2026-01-03 04:41:09,111 - INFO - [DRY-RUN] Would update 2d9e7361-6c27-81d8-b061-ed42d70cdf1c: {'Status': {'status': {'name': 'Archived'}}}
2026-01-03 04:41:09,112 - INFO - [DRY-RUN] Would update 2d9e7361-6c27-81dc-be13-eac113bc9430: {'Status': {'status': {'name': 'Archived'}}}
2026-01-03 04:41:09,112 - INFO - [DRY-RUN] Would update 2d9e7361-6c27-81dd-afa2-eb4a78002893: {'Status': {'status': {'name': 'Archived'}}}
2026-01-03 04:41:09,112 - INFO - [DRY-RUN] Would update 2d9e7361-6c27-81e1-8135-d2ae627eeb02: {'Status': {'status': {'name': 'Archived'}}}
2026-01-03 04:41:09,112 - INFO - [DRY-RUN] Would update 2d9e7361-6c27-81e1-9dbb-d831aa12f452: {'Status': {'status': {'name': 'Archived'}}}
2026-01-03 04:41:09,112 - INFO - [DRY-RUN] Would update 2d9e7361-6c27-81e1-b10c-c2453e86ad74: {'Status': {'status': {'name': 'Archived'}}}
2026-01-03 04:41:09,112 - INFO - [DRY-RUN] Would update 2d9e7361-6c27-81e2-9204-f2fae324def3: {'Status': {'status': {'name': 'Archived'}}}
2026-01-03 04:41:09,112 - INFO - [DRY-RUN] Would update 2d9e7361-6c27-81e2-b04c-fd6d6e8d7ecd: {'Status': {'status': {'name': 'Archived'}}}
2026-01-03 04:41:09,112 - INFO - [DRY-RUN] Would update 2d9e7361-6c27-81e3-931a-c4700378ebe3: {'Status': {'status': {'name': 'Archived'}}}
2026-01-03 04:41:09,115 - INFO - [DRY-RUN] Would update 2d9e7361-6c27-81e4-94b5-db54c72de650: {'Status': {'status': {'name': 'Archived'}}}
2026-01-03 04:41:09,116 - INFO - [DRY-RUN] Would update 2d9e7361-6c27-81e5-a10e-c6f7858c61fb: {'Status': {'status': {'name': 'Archived'}}}
2026-01-03 04:41:09,116 - INFO - [DRY-RUN] Would update 2d9e7361-6c27-81e9-bb2e-d449d0458ca3: {'Status': {'status': {'name': 'Archived'}}}
2026-01-03 04:41:09,116 - INFO - [DRY-RUN] Would update 2d9e7361-6c27-81ee-b537-c9cc807dcb04: {'Status': {'status': {'name': 'Archived'}}}
2026-01-03 04:41:09,116 - INFO - [DRY-RUN] Would update 2d9e7361-6c27-81f0-99c1-fcf90e266007: {'Status': {'status': {'name': 'Archived'}}}
2026-01-03 04:41:09,116 - INFO - [DRY-RUN] Would update 2d9e7361-6c27-81f0-b5a9-d93a2bc66f7e: {'Status': {'status': {'name': 'Archived'}}}
2026-01-03 04:41:09,116 - INFO - [DRY-RUN] Would update 2d9e7361-6c27-81f1-922d-e7b8a5f5c619: {'Status': {'status': {'name': 'Archived'}}}
2026-01-03 04:41:09,116 - INFO - [DRY-RUN] Would update 2d9e7361-6c27-81f1-ac95-d4b77df838ee: {'Status': {'status': {'name': 'Archived'}}}
2026-01-03 04:41:09,116 - INFO - [DRY-RUN] Would update 2d9e7361-6c27-81f3-9b85-d558eb895ad3: {'Status': {'status': {'name': 'Archived'}}}
2026-01-03 04:41:09,116 - INFO - [DRY-RUN] Would update 2d9e7361-6c27-81f5-a917-d3eba1b7b208: {'Status': {'status': {'name': 'Archived'}}}
2026-01-03 04:41:09,116 - INFO - [DRY-RUN] Would update 2d9e7361-6c27-81f9-a9f6-c2f05fe56087: {'Status': {'status': {'name': 'Archived'}}}
2026-01-03 04:41:09,116 - INFO - [DRY-RUN] Would update 2d9e7361-6c27-81fa-9bf8-cb253414f535: {'Status': {'status': {'name': 'Archived'}}}
2026-01-03 04:41:09,116 - INFO - [DRY-RUN] Would update 2d9e7361-6c27-81fa-a1bf-cb1e72c333b4: {'Status': {'status': {'name': 'Archived'}}}
2026-01-03 04:41:09,116 - INFO - [DRY-RUN] Would update 2d9e7361-6c27-81fb-bc72-d9e582927b24: {'Status': {'status': {'name': 'Archived'}}}
2026-01-03 04:41:09,116 - INFO - [DRY-RUN] Would update 238e7361-6c27-80dd-a30b-d7242a141cae: {'Priority': {'select': {'name': 'High'}}}
2026-01-03 04:41:09,117 - INFO - [DRY-RUN] Would update 25ce7361-6c27-8176-9589-f3bce8076347: {'Priority': {'select': {'name': 'Low'}}}
2026-01-03 04:41:09,117 - INFO - [DRY-RUN] Would update 28ee7361-6c27-80f1-9f65-e6680ac5d5d4: {'Priority': {'select': {'name': 'Low'}}}
2026-01-03 04:41:09,117 - INFO - [DRY-RUN] Would update 2af5f9c4-e300-45eb-8999-3ccff8e1a682: {'Priority': {'select': {'name': 'Medium'}}}
2026-01-03 04:41:09,117 - INFO - [DRY-RUN] Would update 2b1e7361-6c27-8128-95aa-f66fa897f07f: {'Priority': {'select': {'name': 'Critical'}}}
2026-01-03 04:41:09,117 - INFO - [DRY-RUN] Would update 2b5e7361-6c27-8147-8cbc-e73a63dbc8f8: {'Priority': {'select': {'name': 'Critical'}}}
2026-01-03 04:41:09,117 - INFO - [DRY-RUN] Would update 2b5e7361-6c27-81c2-81aa-c83edc35e977: {'Priority': {'select': {'name': 'High'}}}
2026-01-03 04:41:09,117 - INFO - [DRY-RUN] Would update 2c9e7361-6c27-8190-8dd4-e2b9e74b5166: {'Priority': {'select': {'name': 'Critical'}}}
2026-01-03 04:41:09,117 - INFO - [DRY-RUN] Would update 2cce7361-6c27-810c-a3d5-f7a10f7a4c3d: {'Priority': {'select': {'name': 'Critical'}}}
2026-01-03 04:41:09,117 - INFO - [DRY-RUN] Would update 2cce7361-6c27-8117-a9de-cdb5962f39c3: {'Priority': {'select': {'name': 'Critical'}}}
2026-01-03 04:41:09,117 - INFO - [DRY-RUN] Would update 2cce7361-6c27-812f-bb3f-d33eb06c7982: {'Priority': {'select': {'name': 'Medium'}}}
2026-01-03 04:41:09,117 - INFO - [DRY-RUN] Would update 2cce7361-6c27-813c-95f7-f6d276021ba8: {'Priority': {'select': {'name': 'High'}}}
2026-01-03 04:41:09,117 - INFO - [DRY-RUN] Would update 2cce7361-6c27-8146-a05a-cd49b53435b9: {'Priority': {'select': {'name': 'High'}}}
2026-01-03 04:41:09,117 - INFO - [DRY-RUN] Would update 2cce7361-6c27-8189-b857-ebe99d39693c: {'Priority': {'select': {'name': 'Critical'}}}
2026-01-03 04:41:09,117 - INFO - [DRY-RUN] Would update 2cce7361-6c27-81d9-9264-eb4418715ea7: {'Priority': {'select': {'name': 'Critical'}}}
2026-01-03 04:41:09,117 - INFO - [DRY-RUN] Would update 2cce7361-6c27-81ec-a4ab-e283799fc42a: {'Priority': {'select': {'name': 'Critical'}}}
2026-01-03 04:41:09,118 - INFO - [DRY-RUN] Would update 2cce7361-6c27-81ee-952c-dfdacbe564f8: {'Priority': {'select': {'name': 'Critical'}}}
2026-01-03 04:41:09,118 - INFO - [DRY-RUN] Would update 2cce7361-6c27-81fd-88b7-e66856f5079b: {'Priority': {'select': {'name': 'High'}}}
2026-01-03 04:41:09,118 - INFO - [DRY-RUN] Would update 2d0e7361-6c27-8153-a344-ca662c39c11a: {'Priority': {'select': {'name': 'Low'}}}
2026-01-03 04:41:09,118 - INFO - [DRY-RUN] Would update 2d7e7361-6c27-8118-943d-e5812507bdfe: {'Priority': {'select': {'name': 'Critical'}}}
2026-01-03 04:41:09,118 - INFO - [DRY-RUN] Would update 2d8e7361-6c27-8112-b757-fdb55478a91e: {'Priority': {'select': {'name': 'Medium'}}}
2026-01-03 04:41:09,118 - INFO - [DRY-RUN] Would update 2d8e7361-6c27-81b1-bc94-c83191a7502d: {'Priority': {'select': {'name': 'High'}}}
2026-01-03 04:41:09,118 - INFO - [DRY-RUN] Would update 2dae7361-6c27-812e-91f8-d18c29a85552: {'Priority': {'select': {'name': 'Medium'}}}
2026-01-03 04:41:09,118 - INFO - [DRY-RUN] Would update 2dae7361-6c27-8166-8089-d8a43f51c158: {'Priority': {'select': {'name': 'Medium'}}}
2026-01-03 04:41:09,118 - INFO - [DRY-RUN] Would update 2dae7361-6c27-816e-a8b4-d71001760aaa: {'Priority': {'select': {'name': 'Medium'}}}
2026-01-03 04:41:09,118 - INFO - [DRY-RUN] Would update 664384a7-951e-4772-92e7-c3a0cd84d4ba: {'Priority': {'select': {'name': 'Low'}}}
2026-01-03 04:41:09,135 - INFO - Summary report written to /Users/brianhellemn/Projects/github-production/scripts/logs/issues_cleanup_summary_20260103T104104Z.json
2026-01-03 04:41:09,136 - INFO - Cleanup finished
