2026-01-03T21:56:18.263384 - === DriveSheetsSync CSV Remediation (LIVE) ===
2026-01-03T21:56:18.263514 - Timestamp: 20260103T215618
2026-01-03T21:56:18.268001 - Loaded audit data from /Users/brianhellemn/Projects/github-production/DRIVESHEETSSYNC_AUDIT_DATA.json
2026-01-03T21:56:18.268066 - Found 6 databases with missing canonical CSVs
2026-01-03T21:56:18.268100 - 
--- Processing: Hashtag_128e7361-6c27-8194-bbb2-000bb5ba471d ---
2026-01-03T21:56:18.268136 -     Path: /Users/brianhellemn/Library/CloudStorage/GoogleDrive-brian@serenmedia.co/My Drive/notion-workspace-gd/Scripting-and- Automations-ws-sync/workspace-databases/Hashtag_128e7361-6c27-8194-bbb2-000bb5ba471d
2026-01-03T21:56:18.268165 -     CSV files found: ['Hashtag_128e7361-6c27-8194-bbb2-000bb5ba471d (3).csv', 'Hashtag_128e7361-6c27-8194-bbb2-000bb5ba471d (2).csv', 'Hashtag_128e7361-6c27-8194-bbb2-000bb5ba471d (1).csv', 'Hashtag_128e7361-6c27-8194-bbb2-000bb5ba471d 2.csv']
2026-01-03T21:56:18.268334 -     Selected source: Hashtag_128e7361-6c27-8194-bbb2-000bb5ba471d (3).csv
2026-01-03T21:56:18.268366 -     Source size: 1625 bytes
2026-01-03T21:56:19.651623 -     SUCCESS: Copied Hashtag_128e7361-6c27-8194-bbb2-000bb5ba471d (3).csv -> Hashtag_128e7361-6c27-8194-bbb2-000bb5ba471d.csv
2026-01-03T21:56:19.651919 - 
--- Processing: Team Members [THS]_778edd22-2d81-45d2-90b2-f3e3480a8259 ---
2026-01-03T21:56:19.652157 -     Path: /Users/brianhellemn/Library/CloudStorage/GoogleDrive-brian@serenmedia.co/My Drive/notion-workspace-gd/Scripting-and- Automations-ws-sync/workspace-databases/Team Members [THS]_778edd22-2d81-45d2-90b2-f3e3480a8259
2026-01-03T21:56:19.652272 -     CSV files found: ['Team Members [THS]_778edd22-2d81-45d2-90b2-f3e3480a8259 (2).csv', 'Team Members [THS]_778edd22-2d81-45d2-90b2-f3e3480a8259 (3).csv', 'Team Members [THS]_778edd22-2d81-45d2-90b2-f3e3480a8259 2.csv', 'Team Members [THS]_778edd22-2d81-45d2-90b2-f3e3480a8259 (1).csv']
2026-01-03T21:56:19.652651 -     Selected source: Team Members [THS]_778edd22-2d81-45d2-90b2-f3e3480a8259 (3).csv
2026-01-03T21:56:19.652781 -     Source size: 7070 bytes
2026-01-03T21:56:21.304130 -     SUCCESS: Copied Team Members [THS]_778edd22-2d81-45d2-90b2-f3e3480a8259 (3).csv -> Team Members [THS]_778edd22-2d81-45d2-90b2-f3e3480a8259.csv
2026-01-03T21:56:21.304526 - 
--- Processing: Video Music [DB]_a5b9c94a-c3f5-4f1d-a519-a174075c76bd ---
2026-01-03T21:56:21.304749 -     Path: /Users/brianhellemn/Library/CloudStorage/GoogleDrive-brian@serenmedia.co/My Drive/notion-workspace-gd/Scripting-and- Automations-ws-sync/workspace-databases/Video Music [DB]_a5b9c94a-c3f5-4f1d-a519-a174075c76bd
2026-01-03T21:56:21.304858 -     CSV files found: ['Video Music [DB]_a5b9c94a-c3f5-4f1d-a519-a174075c76bd (4).csv', 'Video Music [DB]_a5b9c94a-c3f5-4f1d-a519-a174075c76bd 2.csv', 'Video Music [DB]_a5b9c94a-c3f5-4f1d-a519-a174075c76bd (3).csv', 'Video Music [DB]_a5b9c94a-c3f5-4f1d-a519-a174075c76bd (2).csv', 'Video Music [DB]_a5b9c94a-c3f5-4f1d-a519-a174075c76bd (1).csv']
2026-01-03T21:56:21.305219 -     Selected source: Video Music [DB]_a5b9c94a-c3f5-4f1d-a519-a174075c76bd (4).csv
2026-01-03T21:56:21.305333 -     Source size: 10333 bytes
2026-01-03T21:56:22.840796 -     SUCCESS: Copied Video Music [DB]_a5b9c94a-c3f5-4f1d-a519-a174075c76bd (4).csv -> Video Music [DB]_a5b9c94a-c3f5-4f1d-a519-a174075c76bd.csv
2026-01-03T21:56:22.841096 - 
--- Processing: Marketing Topics [THS]_c4bb991e-11a9-4c6b-b7f3-329f5df594d8 ---
2026-01-03T21:56:22.841359 -     Path: /Users/brianhellemn/Library/CloudStorage/GoogleDrive-brian@serenmedia.co/My Drive/notion-workspace-gd/Scripting-and- Automations-ws-sync/workspace-databases/Marketing Topics [THS]_c4bb991e-11a9-4c6b-b7f3-329f5df594d8
2026-01-03T21:56:22.841505 -     CSV files found: ['Marketing Topics [THS]_c4bb991e-11a9-4c6b-b7f3-329f5df594d8 (1).csv', 'Marketing Topics [THS]_c4bb991e-11a9-4c6b-b7f3-329f5df594d8 2.csv', 'Marketing Topics [THS]_c4bb991e-11a9-4c6b-b7f3-329f5df594d8 (3).csv', 'Marketing Topics [THS]_c4bb991e-11a9-4c6b-b7f3-329f5df594d8 (2).csv']
2026-01-03T21:56:22.841901 -     Selected source: Marketing Topics [THS]_c4bb991e-11a9-4c6b-b7f3-329f5df594d8 (3).csv
2026-01-03T21:56:22.842193 -     Source size: 3740 bytes
2026-01-03T21:56:23.973161 -     SUCCESS: Copied Marketing Topics [THS]_c4bb991e-11a9-4c6b-b7f3-329f5df594d8 (3).csv -> Marketing Topics [THS]_c4bb991e-11a9-4c6b-b7f3-329f5df594d8.csv
2026-01-03T21:56:23.973550 - 
--- Processing: Eagle Rays Bar & Grill Content Library_124e7361-6c27-81a5-8a8c-000babf84d9c ---
2026-01-03T21:56:23.973768 -     Path: /Users/brianhellemn/Library/CloudStorage/GoogleDrive-brian@serenmedia.co/My Drive/notion-workspace-gd/Scripting-and- Automations-ws-sync/workspace-databases/Eagle Rays Bar & Grill Content Library_124e7361-6c27-81a5-8a8c-000babf84d9c
2026-01-03T21:56:23.973873 -     CSV files found: ['Eagle Rays Bar & Grill Content Library_124e7361-6c27-81a5-8a8c-000babf84d9c (1).csv', 'Eagle Rays Bar & Grill Content Library_124e7361-6c27-81a5-8a8c-000babf84d9c 2.csv']
2026-01-03T21:56:23.974232 -     Selected source: Eagle Rays Bar & Grill Content Library_124e7361-6c27-81a5-8a8c-000babf84d9c 2.csv
2026-01-03T21:56:23.974418 -     Source size: 34157 bytes
2026-01-03T21:56:25.185655 -     SUCCESS: Copied Eagle Rays Bar & Grill Content Library_124e7361-6c27-81a5-8a8c-000babf84d9c 2.csv -> Eagle Rays Bar & Grill Content Library_124e7361-6c27-81a5-8a8c-000babf84d9c.csv
2026-01-03T21:56:25.185861 - 
--- Processing: Video Library [THS]_130e7361-6c27-81a0-8920-000b317408b7 ---
2026-01-03T21:56:25.186017 -     Path: /Users/brianhellemn/Library/CloudStorage/GoogleDrive-brian@serenmedia.co/My Drive/notion-workspace-gd/Scripting-and- Automations-ws-sync/workspace-databases/Video Library [THS]_130e7361-6c27-81a0-8920-000b317408b7
2026-01-03T21:56:25.186112 -     CSV files found: ['Video Library [THS]_130e7361-6c27-81a0-8920-000b317408b7 (1).csv', 'Video Library [THS]_130e7361-6c27-81a0-8920-000b317408b7 2.csv']
2026-01-03T21:56:25.186385 -     Selected source: Video Library [THS]_130e7361-6c27-81a0-8920-000b317408b7 2.csv
2026-01-03T21:56:25.186521 -     Source size: 434798 bytes
2026-01-03T21:56:27.423627 -     SUCCESS: Copied Video Library [THS]_130e7361-6c27-81a0-8920-000b317408b7 2.csv -> Video Library [THS]_130e7361-6c27-81a0-8920-000b317408b7.csv
2026-01-03T21:56:27.423795 - 
=== Summary ===
2026-01-03T21:56:27.423890 - Databases analyzed: 6
2026-01-03T21:56:27.423965 - Databases fixed: 6
2026-01-03T21:56:27.424041 - Databases skipped: 0
2026-01-03T21:56:27.424109 - Errors: 0
2026-01-03T21:56:27.424178 - Log file: /Users/brianhellemn/Projects/github-production/logs/csv_remediation_20260103T215618.log
2026-01-03T21:56:27.424877 - Results saved to: /Users/brianhellemn/Projects/github-production/logs/csv_remediation_results_20260103T215618.json
