2026-01-04T00:12:33.179480 - === DriveSheetsSync CSV Remediation (DRY RUN) ===
2026-01-04T00:12:33.179574 - Timestamp: 20260104T001233
2026-01-04T00:12:33.184376 - Loaded audit data from /Users/brianhellemn/Projects/github-production/DRIVESHEETSSYNC_AUDIT_DATA.json
2026-01-04T00:12:33.184559 - Found 6 databases with missing canonical CSVs
2026-01-04T00:12:33.184607 - 
--- Processing: Hashtag_128e7361-6c27-8194-bbb2-000bb5ba471d ---
2026-01-04T00:12:33.184653 -     Path: /Users/brianhellemn/Library/CloudStorage/GoogleDrive-brian@serenmedia.co/My Drive/notion-workspace-gd/Scripting-and- Automations-ws-sync/workspace-databases/Hashtag_128e7361-6c27-8194-bbb2-000bb5ba471d
2026-01-04T00:12:33.184685 -     CSV files found: ['Hashtag_128e7361-6c27-8194-bbb2-000bb5ba471d (3).csv', 'Hashtag_128e7361-6c27-8194-bbb2-000bb5ba471d (2).csv', 'Hashtag_128e7361-6c27-8194-bbb2-000bb5ba471d (1).csv', 'Hashtag_128e7361-6c27-8194-bbb2-000bb5ba471d 2.csv']
2026-01-04T00:12:33.184994 -     SKIP: Canonical file already exists: Hashtag_128e7361-6c27-8194-bbb2-000bb5ba471d.csv
2026-01-04T00:12:33.185062 - 
--- Processing: Team Members [THS]_778edd22-2d81-45d2-90b2-f3e3480a8259 ---
2026-01-04T00:12:33.185117 -     Path: /Users/brianhellemn/Library/CloudStorage/GoogleDrive-brian@serenmedia.co/My Drive/notion-workspace-gd/Scripting-and- Automations-ws-sync/workspace-databases/Team Members [THS]_778edd22-2d81-45d2-90b2-f3e3480a8259
2026-01-04T00:12:33.185156 -     CSV files found: ['Team Members [THS]_778edd22-2d81-45d2-90b2-f3e3480a8259 (2).csv', 'Team Members [THS]_778edd22-2d81-45d2-90b2-f3e3480a8259 (3).csv', 'Team Members [THS]_778edd22-2d81-45d2-90b2-f3e3480a8259 2.csv', 'Team Members [THS]_778edd22-2d81-45d2-90b2-f3e3480a8259 (1).csv']
2026-01-04T00:12:33.185229 -     SKIP: Canonical file already exists: Team Members [THS]_778edd22-2d81-45d2-90b2-f3e3480a8259.csv
2026-01-04T00:12:33.185264 - 
--- Processing: Video Music [DB]_a5b9c94a-c3f5-4f1d-a519-a174075c76bd ---
2026-01-04T00:12:33.185298 -     Path: /Users/brianhellemn/Library/CloudStorage/GoogleDrive-brian@serenmedia.co/My Drive/notion-workspace-gd/Scripting-and- Automations-ws-sync/workspace-databases/Video Music [DB]_a5b9c94a-c3f5-4f1d-a519-a174075c76bd
2026-01-04T00:12:33.185331 -     CSV files found: ['Video Music [DB]_a5b9c94a-c3f5-4f1d-a519-a174075c76bd (4).csv', 'Video Music [DB]_a5b9c94a-c3f5-4f1d-a519-a174075c76bd 2.csv', 'Video Music [DB]_a5b9c94a-c3f5-4f1d-a519-a174075c76bd (3).csv', 'Video Music [DB]_a5b9c94a-c3f5-4f1d-a519-a174075c76bd (2).csv', 'Video Music [DB]_a5b9c94a-c3f5-4f1d-a519-a174075c76bd (1).csv']
2026-01-04T00:12:33.185389 -     SKIP: Canonical file already exists: Video Music [DB]_a5b9c94a-c3f5-4f1d-a519-a174075c76bd.csv
2026-01-04T00:12:33.185420 - 
--- Processing: Marketing Topics [THS]_c4bb991e-11a9-4c6b-b7f3-329f5df594d8 ---
2026-01-04T00:12:33.185451 -     Path: /Users/brianhellemn/Library/CloudStorage/GoogleDrive-brian@serenmedia.co/My Drive/notion-workspace-gd/Scripting-and- Automations-ws-sync/workspace-databases/Marketing Topics [THS]_c4bb991e-11a9-4c6b-b7f3-329f5df594d8
2026-01-04T00:12:33.185480 -     CSV files found: ['Marketing Topics [THS]_c4bb991e-11a9-4c6b-b7f3-329f5df594d8 (1).csv', 'Marketing Topics [THS]_c4bb991e-11a9-4c6b-b7f3-329f5df594d8 2.csv', 'Marketing Topics [THS]_c4bb991e-11a9-4c6b-b7f3-329f5df594d8 (3).csv', 'Marketing Topics [THS]_c4bb991e-11a9-4c6b-b7f3-329f5df594d8 (2).csv']
2026-01-04T00:12:33.186713 -     SKIP: Canonical file already exists: Marketing Topics [THS]_c4bb991e-11a9-4c6b-b7f3-329f5df594d8.csv
2026-01-04T00:12:33.186761 - 
--- Processing: Eagle Rays Bar & Grill Content Library_124e7361-6c27-81a5-8a8c-000babf84d9c ---
2026-01-04T00:12:33.186927 -     Path: /Users/brianhellemn/Library/CloudStorage/GoogleDrive-brian@serenmedia.co/My Drive/notion-workspace-gd/Scripting-and- Automations-ws-sync/workspace-databases/Eagle Rays Bar & Grill Content Library_124e7361-6c27-81a5-8a8c-000babf84d9c
2026-01-04T00:12:33.186957 -     CSV files found: ['Eagle Rays Bar & Grill Content Library_124e7361-6c27-81a5-8a8c-000babf84d9c (1).csv', 'Eagle Rays Bar & Grill Content Library_124e7361-6c27-81a5-8a8c-000babf84d9c 2.csv']
2026-01-04T00:12:33.187072 -     SKIP: Canonical file already exists: Eagle Rays Bar & Grill Content Library_124e7361-6c27-81a5-8a8c-000babf84d9c.csv
2026-01-04T00:12:33.187104 - 
--- Processing: Video Library [THS]_130e7361-6c27-81a0-8920-000b317408b7 ---
2026-01-04T00:12:33.187146 -     Path: /Users/brianhellemn/Library/CloudStorage/GoogleDrive-brian@serenmedia.co/My Drive/notion-workspace-gd/Scripting-and- Automations-ws-sync/workspace-databases/Video Library [THS]_130e7361-6c27-81a0-8920-000b317408b7
2026-01-04T00:12:33.187174 -     CSV files found: ['Video Library [THS]_130e7361-6c27-81a0-8920-000b317408b7 (1).csv', 'Video Library [THS]_130e7361-6c27-81a0-8920-000b317408b7 2.csv']
2026-01-04T00:12:33.187258 -     SKIP: Canonical file already exists: Video Library [THS]_130e7361-6c27-81a0-8920-000b317408b7.csv
2026-01-04T00:12:33.187299 - 
=== Summary ===
2026-01-04T00:12:33.187330 - Databases analyzed: 6
2026-01-04T00:12:33.187461 - Databases fixed: 0
2026-01-04T00:12:33.187486 - Databases skipped: 6
2026-01-04T00:12:33.187515 - Errors: 0
2026-01-04T00:12:33.187542 - Log file: /Users/brianhellemn/Projects/github-production/logs/csv_remediation_20260104T001233.log
2026-01-04T00:12:33.187713 - Results saved to: /Users/brianhellemn/Projects/github-production/logs/csv_remediation_results_20260104T001233.json
