2026-01-03T21:56:12.667754 - === DriveSheetsSync CSV Remediation (DRY RUN) ===
2026-01-03T21:56:12.667861 - Timestamp: 20260103T215612
2026-01-03T21:56:12.672231 - Loaded audit data from /Users/brianhellemn/Projects/github-production/DRIVESHEETSSYNC_AUDIT_DATA.json
2026-01-03T21:56:12.672296 - Found 6 databases with missing canonical CSVs
2026-01-03T21:56:12.672329 - 
--- Processing: Hashtag_128e7361-6c27-8194-bbb2-000bb5ba471d ---
2026-01-03T21:56:12.672362 -     Path: /Users/brianhellemn/Library/CloudStorage/GoogleDrive-brian@serenmedia.co/My Drive/notion-workspace-gd/Scripting-and- Automations-ws-sync/workspace-databases/Hashtag_128e7361-6c27-8194-bbb2-000bb5ba471d
2026-01-03T21:56:12.672388 -     CSV files found: ['Hashtag_128e7361-6c27-8194-bbb2-000bb5ba471d (3).csv', 'Hashtag_128e7361-6c27-8194-bbb2-000bb5ba471d (2).csv', 'Hashtag_128e7361-6c27-8194-bbb2-000bb5ba471d (1).csv', 'Hashtag_128e7361-6c27-8194-bbb2-000bb5ba471d 2.csv']
2026-01-03T21:56:12.674218 -     Selected source: Hashtag_128e7361-6c27-8194-bbb2-000bb5ba471d (3).csv
2026-01-03T21:56:12.674266 -     Source size: 1625 bytes
2026-01-03T21:56:12.674300 -     DRY RUN: Would copy Hashtag_128e7361-6c27-8194-bbb2-000bb5ba471d (3).csv -> Hashtag_128e7361-6c27-8194-bbb2-000bb5ba471d.csv
2026-01-03T21:56:12.674330 - 
--- Processing: Team Members [THS]_778edd22-2d81-45d2-90b2-f3e3480a8259 ---
2026-01-03T21:56:12.674363 -     Path: /Users/brianhellemn/Library/CloudStorage/GoogleDrive-brian@serenmedia.co/My Drive/notion-workspace-gd/Scripting-and- Automations-ws-sync/workspace-databases/Team Members [THS]_778edd22-2d81-45d2-90b2-f3e3480a8259
2026-01-03T21:56:12.674390 -     CSV files found: ['Team Members [THS]_778edd22-2d81-45d2-90b2-f3e3480a8259 (2).csv', 'Team Members [THS]_778edd22-2d81-45d2-90b2-f3e3480a8259 (3).csv', 'Team Members [THS]_778edd22-2d81-45d2-90b2-f3e3480a8259 2.csv', 'Team Members [THS]_778edd22-2d81-45d2-90b2-f3e3480a8259 (1).csv']
2026-01-03T21:56:12.675026 -     Selected source: Team Members [THS]_778edd22-2d81-45d2-90b2-f3e3480a8259 (3).csv
2026-01-03T21:56:12.675073 -     Source size: 7070 bytes
2026-01-03T21:56:12.675099 -     DRY RUN: Would copy Team Members [THS]_778edd22-2d81-45d2-90b2-f3e3480a8259 (3).csv -> Team Members [THS]_778edd22-2d81-45d2-90b2-f3e3480a8259.csv
2026-01-03T21:56:12.675127 - 
--- Processing: Video Music [DB]_a5b9c94a-c3f5-4f1d-a519-a174075c76bd ---
2026-01-03T21:56:12.675158 -     Path: /Users/brianhellemn/Library/CloudStorage/GoogleDrive-brian@serenmedia.co/My Drive/notion-workspace-gd/Scripting-and- Automations-ws-sync/workspace-databases/Video Music [DB]_a5b9c94a-c3f5-4f1d-a519-a174075c76bd
2026-01-03T21:56:12.675185 -     CSV files found: ['Video Music [DB]_a5b9c94a-c3f5-4f1d-a519-a174075c76bd (4).csv', 'Video Music [DB]_a5b9c94a-c3f5-4f1d-a519-a174075c76bd 2.csv', 'Video Music [DB]_a5b9c94a-c3f5-4f1d-a519-a174075c76bd (3).csv', 'Video Music [DB]_a5b9c94a-c3f5-4f1d-a519-a174075c76bd (2).csv', 'Video Music [DB]_a5b9c94a-c3f5-4f1d-a519-a174075c76bd (1).csv']
2026-01-03T21:56:12.675850 -     Selected source: Video Music [DB]_a5b9c94a-c3f5-4f1d-a519-a174075c76bd (4).csv
2026-01-03T21:56:12.675895 -     Source size: 10333 bytes
2026-01-03T21:56:12.675929 -     DRY RUN: Would copy Video Music [DB]_a5b9c94a-c3f5-4f1d-a519-a174075c76bd (4).csv -> Video Music [DB]_a5b9c94a-c3f5-4f1d-a519-a174075c76bd.csv
2026-01-03T21:56:12.675962 - 
--- Processing: Marketing Topics [THS]_c4bb991e-11a9-4c6b-b7f3-329f5df594d8 ---
2026-01-03T21:56:12.675996 -     Path: /Users/brianhellemn/Library/CloudStorage/GoogleDrive-brian@serenmedia.co/My Drive/notion-workspace-gd/Scripting-and- Automations-ws-sync/workspace-databases/Marketing Topics [THS]_c4bb991e-11a9-4c6b-b7f3-329f5df594d8
2026-01-03T21:56:12.676031 -     CSV files found: ['Marketing Topics [THS]_c4bb991e-11a9-4c6b-b7f3-329f5df594d8 (1).csv', 'Marketing Topics [THS]_c4bb991e-11a9-4c6b-b7f3-329f5df594d8 2.csv', 'Marketing Topics [THS]_c4bb991e-11a9-4c6b-b7f3-329f5df594d8 (3).csv', 'Marketing Topics [THS]_c4bb991e-11a9-4c6b-b7f3-329f5df594d8 (2).csv']
2026-01-03T21:56:12.676952 -     Selected source: Marketing Topics [THS]_c4bb991e-11a9-4c6b-b7f3-329f5df594d8 (3).csv
2026-01-03T21:56:12.677123 -     Source size: 3740 bytes
2026-01-03T21:56:12.677154 -     DRY RUN: Would copy Marketing Topics [THS]_c4bb991e-11a9-4c6b-b7f3-329f5df594d8 (3).csv -> Marketing Topics [THS]_c4bb991e-11a9-4c6b-b7f3-329f5df594d8.csv
2026-01-03T21:56:12.677184 - 
--- Processing: Eagle Rays Bar & Grill Content Library_124e7361-6c27-81a5-8a8c-000babf84d9c ---
2026-01-03T21:56:12.677214 -     Path: /Users/brianhellemn/Library/CloudStorage/GoogleDrive-brian@serenmedia.co/My Drive/notion-workspace-gd/Scripting-and- Automations-ws-sync/workspace-databases/Eagle Rays Bar & Grill Content Library_124e7361-6c27-81a5-8a8c-000babf84d9c
2026-01-03T21:56:12.677241 -     CSV files found: ['Eagle Rays Bar & Grill Content Library_124e7361-6c27-81a5-8a8c-000babf84d9c (1).csv', 'Eagle Rays Bar & Grill Content Library_124e7361-6c27-81a5-8a8c-000babf84d9c 2.csv']
2026-01-03T21:56:12.677480 -     Selected source: Eagle Rays Bar & Grill Content Library_124e7361-6c27-81a5-8a8c-000babf84d9c 2.csv
2026-01-03T21:56:12.677523 -     Source size: 34157 bytes
2026-01-03T21:56:12.677555 -     DRY RUN: Would copy Eagle Rays Bar & Grill Content Library_124e7361-6c27-81a5-8a8c-000babf84d9c 2.csv -> Eagle Rays Bar & Grill Content Library_124e7361-6c27-81a5-8a8c-000babf84d9c.csv
2026-01-03T21:56:12.677585 - 
--- Processing: Video Library [THS]_130e7361-6c27-81a0-8920-000b317408b7 ---
2026-01-03T21:56:12.677619 -     Path: /Users/brianhellemn/Library/CloudStorage/GoogleDrive-brian@serenmedia.co/My Drive/notion-workspace-gd/Scripting-and- Automations-ws-sync/workspace-databases/Video Library [THS]_130e7361-6c27-81a0-8920-000b317408b7
2026-01-03T21:56:12.677645 -     CSV files found: ['Video Library [THS]_130e7361-6c27-81a0-8920-000b317408b7 (1).csv', 'Video Library [THS]_130e7361-6c27-81a0-8920-000b317408b7 2.csv']
2026-01-03T21:56:12.678430 -     Selected source: Video Library [THS]_130e7361-6c27-81a0-8920-000b317408b7 2.csv
2026-01-03T21:56:12.678470 -     Source size: 434798 bytes
2026-01-03T21:56:12.678497 -     DRY RUN: Would copy Video Library [THS]_130e7361-6c27-81a0-8920-000b317408b7 2.csv -> Video Library [THS]_130e7361-6c27-81a0-8920-000b317408b7.csv
2026-01-03T21:56:12.678527 - 
=== Summary ===
2026-01-03T21:56:12.678554 - Databases analyzed: 6
2026-01-03T21:56:12.678579 - Databases fixed: 0
2026-01-03T21:56:12.678610 - Databases skipped: 0
2026-01-03T21:56:12.678634 - Errors: 0
2026-01-03T21:56:12.678662 - Log file: /Users/brianhellemn/Projects/github-production/logs/csv_remediation_20260103T215612.log
2026-01-03T21:56:12.678900 - Results saved to: /Users/brianhellemn/Projects/github-production/logs/csv_remediation_results_20260103T215612.json
