2026-01-11 01:31:52,101 - __main__ - INFO - ================================================================================
2026-01-11 01:31:52,101 - __main__ - INFO - VIBES VOLUME REORGANIZATION
2026-01-11 01:31:52,101 - __main__ - INFO - ================================================================================
2026-01-11 01:31:52,101 - __main__ - INFO - Phase: 1
2026-01-11 01:31:52,101 - __main__ - INFO - Dry Run: False
2026-01-11 01:31:52,101 - __main__ - INFO - Root Path: /Volumes/VIBES
2026-01-11 01:31:52,101 - __main__ - INFO - 
2026-01-11 01:31:52,101 - __main__ - INFO - Phase 1: Analysis & Indexing
2026-01-11 01:31:52,101 - __main__ - INFO - This may take a while...
2026-01-11 01:31:52,101 - __main__ - INFO - Starting volume scan: /Volumes/VIBES
2026-01-11 01:32:10,951 - __main__ - INFO - Processed 100 files...
2026-01-11 01:32:25,906 - __main__ - INFO - Processed 200 files...
2026-01-11 01:32:39,978 - __main__ - INFO - Processed 300 files...
2026-01-11 01:32:56,326 - __main__ - INFO - Processed 400 files...
2026-01-11 01:33:14,369 - __main__ - INFO - Processed 500 files...
2026-01-11 01:33:26,750 - __main__ - INFO - Processed 600 files...
2026-01-11 01:33:40,854 - __main__ - INFO - Processed 700 files...
2026-01-11 01:33:54,623 - __main__ - INFO - Processed 800 files...
2026-01-11 01:34:09,335 - __main__ - INFO - Processed 900 files...
2026-01-11 01:34:23,801 - __main__ - INFO - Processed 1000 files...
2026-01-11 01:34:38,913 - __main__ - INFO - Processed 1100 files...
2026-01-11 01:34:55,547 - __main__ - INFO - Processed 1200 files...
2026-01-11 01:35:08,468 - __main__ - INFO - Processed 1300 files...
2026-01-11 01:35:24,902 - __main__ - INFO - Processed 1400 files...
2026-01-11 01:35:38,448 - __main__ - INFO - Processed 1500 files...
2026-01-11 01:35:52,607 - __main__ - INFO - Processed 1600 files...
2026-01-11 01:36:06,060 - __main__ - INFO - Processed 1700 files...
2026-01-11 01:36:19,265 - __main__ - INFO - Processed 1800 files...
2026-01-11 01:36:38,027 - __main__ - INFO - Processed 1900 files...
2026-01-11 01:36:52,872 - __main__ - INFO - Processed 2000 files...
2026-01-11 01:37:12,181 - __main__ - INFO - Processed 2100 files...
2026-01-11 01:37:32,589 - __main__ - INFO - Processed 2200 files...
2026-01-11 01:37:47,551 - __main__ - INFO - Processed 2300 files...
2026-01-11 01:38:06,049 - __main__ - INFO - Processed 2400 files...
2026-01-11 01:38:25,083 - __main__ - INFO - Processed 2500 files...
2026-01-11 01:38:40,341 - __main__ - INFO - Processed 2600 files...
2026-01-11 01:38:55,985 - __main__ - INFO - Processed 2700 files...
2026-01-11 01:39:10,378 - __main__ - INFO - Processed 2800 files...
2026-01-11 01:39:29,041 - __main__ - INFO - Processed 2900 files...
2026-01-11 01:39:42,658 - __main__ - INFO - Processed 3000 files...
2026-01-11 01:39:56,468 - __main__ - INFO - Processed 3100 files...
2026-01-11 01:40:13,125 - __main__ - INFO - Processed 3200 files...
2026-01-11 01:40:29,600 - __main__ - INFO - Processed 3300 files...
2026-01-11 01:40:42,765 - __main__ - INFO - Processed 3400 files...
2026-01-11 01:40:56,358 - __main__ - INFO - Processed 3500 files...
2026-01-11 01:41:11,629 - __main__ - INFO - Processed 3600 files...
2026-01-11 01:41:36,349 - __main__ - INFO - Processed 3700 files...
2026-01-11 01:41:50,628 - __main__ - INFO - Processed 3800 files...
2026-01-11 01:42:03,562 - __main__ - INFO - Processed 3900 files...
2026-01-11 01:42:18,878 - __main__ - INFO - Processed 4000 files...
2026-01-11 01:42:31,726 - __main__ - INFO - Processed 4100 files...
2026-01-11 01:42:49,144 - __main__ - INFO - Processed 4200 files...
2026-01-11 01:43:04,177 - __main__ - INFO - Processed 4300 files...
2026-01-11 01:43:18,542 - __main__ - INFO - Processed 4400 files...
2026-01-11 01:43:33,979 - __main__ - INFO - Processed 4500 files...
2026-01-11 01:43:50,799 - __main__ - INFO - Processed 4600 files...
2026-01-11 01:44:04,642 - __main__ - INFO - Processed 4700 files...
2026-01-11 01:44:19,201 - __main__ - INFO - Processed 4800 files...
2026-01-11 01:44:33,180 - __main__ - INFO - Processed 4900 files...
2026-01-11 01:44:46,668 - __main__ - INFO - Processed 5000 files...
2026-01-11 01:45:06,892 - __main__ - INFO - Processed 5100 files...
2026-01-11 01:45:21,724 - __main__ - INFO - Processed 5200 files...
2026-01-11 01:45:37,118 - __main__ - INFO - Processed 5300 files...
2026-01-11 01:45:51,367 - __main__ - INFO - Processed 5400 files...
2026-01-11 01:46:05,159 - __main__ - INFO - Processed 5500 files...
2026-01-11 01:46:20,722 - __main__ - INFO - Processed 5600 files...
2026-01-11 01:46:35,055 - __main__ - INFO - Processed 5700 files...
2026-01-11 01:46:50,272 - __main__ - INFO - Processed 5800 files...
2026-01-11 01:47:09,579 - __main__ - INFO - Processed 5900 files...
2026-01-11 01:47:22,399 - __main__ - INFO - Processed 6000 files...
2026-01-11 01:47:36,483 - __main__ - INFO - Processed 6100 files...
2026-01-11 01:47:51,015 - __main__ - INFO - Processed 6200 files...
2026-01-11 01:48:10,563 - __main__ - INFO - Processed 6300 files...
2026-01-11 01:48:27,539 - __main__ - INFO - Processed 6400 files...
2026-01-11 01:48:42,030 - __main__ - INFO - Processed 6500 files...
2026-01-11 01:48:58,313 - __main__ - INFO - Processed 6600 files...
2026-01-11 01:49:12,978 - __main__ - INFO - Processed 6700 files...
2026-01-11 01:49:29,377 - __main__ - INFO - Processed 6800 files...
2026-01-11 01:49:43,170 - __main__ - INFO - Processed 6900 files...
2026-01-11 01:50:00,343 - __main__ - INFO - Processed 7000 files...
2026-01-11 01:50:14,875 - __main__ - INFO - Processed 7100 files...
2026-01-11 01:50:29,152 - __main__ - INFO - Processed 7200 files...
2026-01-11 01:50:50,268 - __main__ - INFO - Processed 7300 files...
2026-01-11 01:51:03,853 - __main__ - INFO - Processed 7400 files...
2026-01-11 01:51:19,217 - __main__ - INFO - Processed 7500 files...
2026-01-11 01:51:35,891 - __main__ - INFO - Processed 7600 files...
2026-01-11 01:51:51,727 - __main__ - INFO - Processed 7700 files...
2026-01-11 01:52:06,093 - __main__ - INFO - Processed 7800 files...
2026-01-11 01:52:23,138 - __main__ - INFO - Processed 7900 files...
2026-01-11 01:52:36,209 - __main__ - INFO - Processed 8000 files...
2026-01-11 01:52:52,485 - __main__ - INFO - Processed 8100 files...
2026-01-11 01:53:12,371 - __main__ - INFO - Processed 8200 files...
2026-01-11 01:53:29,212 - __main__ - INFO - Processed 8300 files...
2026-01-11 01:53:44,045 - __main__ - INFO - Processed 8400 files...
2026-01-11 01:53:56,338 - __main__ - INFO - Processed 8500 files...
2026-01-11 01:54:04,197 - __main__ - INFO - Processed 8600 files...
2026-01-11 01:54:12,194 - __main__ - INFO - Processed 8700 files...
2026-01-11 01:54:19,890 - __main__ - INFO - Processed 8800 files...
2026-01-11 01:54:27,469 - __main__ - INFO - Processed 8900 files...
2026-01-11 01:54:34,580 - __main__ - INFO - Processed 9000 files...
2026-01-11 01:54:41,618 - __main__ - INFO - Processed 9100 files...
2026-01-11 01:54:49,799 - __main__ - INFO - Processed 9200 files...
2026-01-11 01:54:57,762 - __main__ - INFO - Processed 9300 files...
2026-01-11 01:55:05,565 - __main__ - INFO - Processed 9400 files...
2026-01-11 01:55:12,793 - __main__ - INFO - Processed 9500 files...
2026-01-11 01:55:22,859 - __main__ - INFO - Processed 9600 files...
2026-01-11 01:55:31,141 - __main__ - INFO - Processed 9700 files...
2026-01-11 01:55:39,503 - __main__ - INFO - Processed 9800 files...
2026-01-11 01:55:46,182 - __main__ - INFO - Processed 9900 files...
2026-01-11 01:55:54,689 - __main__ - INFO - Processed 10000 files...
2026-01-11 01:56:01,749 - __main__ - INFO - Processed 10100 files...
2026-01-11 01:56:14,201 - __main__ - INFO - Processed 10200 files...
2026-01-11 01:56:23,441 - __main__ - INFO - Processed 10300 files...
2026-01-11 01:56:30,094 - __main__ - INFO - Processed 10400 files...
2026-01-11 01:56:39,650 - __main__ - INFO - Processed 10500 files...
2026-01-11 01:56:47,534 - __main__ - INFO - Processed 10600 files...
2026-01-11 01:56:54,584 - __main__ - INFO - Processed 10700 files...
2026-01-11 01:57:02,681 - __main__ - INFO - Processed 10800 files...
2026-01-11 01:57:09,694 - __main__ - INFO - Processed 10900 files...
2026-01-11 01:57:16,715 - __main__ - INFO - Processed 11000 files...
2026-01-11 01:57:23,752 - __main__ - INFO - Processed 11100 files...
2026-01-11 01:57:31,515 - __main__ - INFO - Processed 11200 files...
2026-01-11 01:57:38,756 - __main__ - INFO - Processed 11300 files...
2026-01-11 01:57:46,495 - __main__ - INFO - Processed 11400 files...
2026-01-11 01:57:53,496 - __main__ - INFO - Processed 11500 files...
2026-01-11 01:58:00,456 - __main__ - INFO - Processed 11600 files...
2026-01-11 01:58:08,215 - __main__ - INFO - Processed 11700 files...
2026-01-11 01:58:16,068 - __main__ - INFO - Processed 11800 files...
2026-01-11 01:58:23,369 - __main__ - INFO - Processed 11900 files...
2026-01-11 01:58:30,904 - __main__ - INFO - Processed 12000 files...
2026-01-11 01:58:38,767 - __main__ - INFO - Processed 12100 files...
2026-01-11 01:58:46,182 - __main__ - INFO - Processed 12200 files...
2026-01-11 01:58:53,731 - __main__ - INFO - Processed 12300 files...
2026-01-11 01:59:01,713 - __main__ - INFO - Processed 12400 files...
2026-01-11 01:59:16,540 - __main__ - INFO - Processed 12500 files...
2026-01-11 01:59:24,284 - __main__ - INFO - Processed 12600 files...
2026-01-11 01:59:32,444 - __main__ - INFO - Processed 12700 files...
2026-01-11 01:59:40,680 - __main__ - INFO - Processed 12800 files...
2026-01-11 01:59:52,129 - __main__ - INFO - Processed 12900 files...
2026-01-11 02:00:07,816 - __main__ - INFO - Processed 13000 files...
2026-01-11 02:00:18,094 - __main__ - INFO - Processed 13100 files...
2026-01-11 02:00:28,474 - __main__ - INFO - Processed 13200 files...
2026-01-11 02:00:40,288 - __main__ - INFO - Processed 13300 files...
2026-01-11 02:00:52,929 - __main__ - INFO - Processed 13400 files...
2026-01-11 02:01:04,861 - __main__ - INFO - Processed 13500 files...
2026-01-11 02:01:15,389 - __main__ - INFO - Processed 13600 files...
2026-01-11 02:01:28,396 - __main__ - INFO - Processed 13700 files...
2026-01-11 02:01:40,399 - __main__ - INFO - Processed 13800 files...
2026-01-11 02:01:52,728 - __main__ - INFO - Processed 13900 files...
2026-01-11 02:02:03,751 - __main__ - INFO - Processed 14000 files...
2026-01-11 02:02:14,099 - __main__ - INFO - Processed 14100 files...
2026-01-11 02:02:26,237 - __main__ - INFO - Processed 14200 files...
2026-01-11 02:02:37,022 - __main__ - INFO - Processed 14300 files...
2026-01-11 02:02:45,941 - __main__ - INFO - Processed 14400 files...
2026-01-11 02:02:55,238 - __main__ - INFO - Processed 14500 files...
2026-01-11 02:03:08,457 - __main__ - INFO - Processed 14600 files...
2026-01-11 02:03:22,427 - __main__ - INFO - Processed 14700 files...
2026-01-11 02:03:40,045 - __main__ - INFO - Processed 14800 files...
2026-01-11 02:03:52,969 - __main__ - INFO - Processed 14900 files...
2026-01-11 02:04:06,136 - __main__ - INFO - Processed 15000 files...
2026-01-11 02:04:18,126 - __main__ - INFO - Processed 15100 files...
2026-01-11 02:04:28,853 - __main__ - INFO - Processed 15200 files...
2026-01-11 02:04:38,079 - __main__ - INFO - Processed 15300 files...
2026-01-11 02:04:52,137 - __main__ - INFO - Processed 15400 files...
2026-01-11 02:05:05,153 - __main__ - INFO - Processed 15500 files...
2026-01-11 02:05:18,975 - __main__ - INFO - Processed 15600 files...
2026-01-11 02:05:35,881 - __main__ - INFO - Processed 15700 files...
2026-01-11 02:05:48,966 - __main__ - INFO - Processed 15800 files...
2026-01-11 02:06:12,125 - __main__ - INFO - Processed 15900 files...
2026-01-11 02:06:24,949 - __main__ - INFO - Processed 16000 files...
2026-01-11 02:06:44,358 - __main__ - INFO - Processed 16100 files...
2026-01-11 02:07:02,089 - __main__ - INFO - Processed 16200 files...
2026-01-11 02:07:17,637 - __main__ - INFO - Processed 16300 files...
2026-01-11 02:07:34,096 - __main__ - INFO - Processed 16400 files...
2026-01-11 02:07:54,093 - __main__ - INFO - Processed 16500 files...
2026-01-11 02:08:10,628 - __main__ - INFO - Processed 16600 files...
2026-01-11 02:08:22,550 - __main__ - INFO - Processed 16700 files...
2026-01-11 02:08:42,890 - __main__ - INFO - Processed 16800 files...
2026-01-11 02:08:58,542 - __main__ - INFO - Processed 16900 files...
2026-01-11 02:09:13,952 - __main__ - INFO - Processed 17000 files...
2026-01-11 02:09:28,002 - __main__ - INFO - Processed 17100 files...
2026-01-11 02:09:40,654 - __main__ - INFO - Processed 17200 files...
2026-01-11 02:09:52,804 - __main__ - INFO - Processed 17300 files...
2026-01-11 02:10:04,642 - __main__ - INFO - Processed 17400 files...
2026-01-11 02:10:17,489 - __main__ - INFO - Processed 17500 files...
2026-01-11 02:10:30,194 - __main__ - INFO - Processed 17600 files...
2026-01-11 02:10:42,952 - __main__ - INFO - Processed 17700 files...
2026-01-11 02:10:55,017 - __main__ - INFO - Processed 17800 files...
2026-01-11 02:11:06,283 - __main__ - INFO - Processed 17900 files...
2026-01-11 02:11:23,661 - __main__ - INFO - Processed 18000 files...
2026-01-11 02:11:33,837 - __main__ - INFO - Processed 18100 files...
2026-01-11 02:11:44,072 - __main__ - INFO - Processed 18200 files...
2026-01-11 02:11:54,040 - __main__ - INFO - Processed 18300 files...
2026-01-11 02:12:06,306 - __main__ - INFO - Processed 18400 files...
2026-01-11 02:12:17,086 - __main__ - INFO - Processed 18500 files...
2026-01-11 02:12:28,129 - __main__ - INFO - Processed 18600 files...
2026-01-11 02:12:39,645 - __main__ - INFO - Processed 18700 files...
2026-01-11 02:12:49,495 - __main__ - INFO - Processed 18800 files...
2026-01-11 02:12:59,262 - __main__ - INFO - Processed 18900 files...
2026-01-11 02:13:10,545 - __main__ - INFO - Processed 19000 files...
2026-01-11 02:13:21,852 - __main__ - INFO - Processed 19100 files...
2026-01-11 02:13:38,583 - __main__ - INFO - Processed 19200 files...
2026-01-11 02:13:50,914 - __main__ - INFO - Processed 19300 files...
2026-01-11 02:14:00,824 - __main__ - INFO - Processed 19400 files...
2026-01-11 02:14:03,658 - __main__ - INFO - Processed 19500 files...
2026-01-11 02:14:06,540 - __main__ - INFO - Processed 19600 files...
2026-01-11 02:14:09,451 - __main__ - INFO - Processed 19700 files...
2026-01-11 02:14:12,337 - __main__ - INFO - Processed 19800 files...
2026-01-11 02:14:15,345 - __main__ - INFO - Processed 19900 files...
2026-01-11 02:14:18,331 - __main__ - INFO - Processed 20000 files...
2026-01-11 02:14:21,097 - __main__ - INFO - Processed 20100 files...
2026-01-11 02:14:29,750 - __main__ - INFO - Processed 20200 files...
2026-01-11 02:14:39,010 - __main__ - INFO - Processed 20300 files...
2026-01-11 02:14:45,344 - __main__ - INFO - Processed 20400 files...
2026-01-11 02:14:48,612 - __main__ - INFO - Processed 20500 files...
2026-01-11 02:14:51,555 - __main__ - INFO - Processed 20600 files...
2026-01-11 02:14:54,438 - __main__ - INFO - Processed 20700 files...
2026-01-11 02:14:57,503 - __main__ - INFO - Processed 20800 files...
2026-01-11 02:15:00,361 - __main__ - INFO - Processed 20900 files...
2026-01-11 02:15:03,486 - __main__ - INFO - Processed 21000 files...
2026-01-11 02:15:06,356 - __main__ - INFO - Processed 21100 files...
2026-01-11 02:15:09,378 - __main__ - INFO - Processed 21200 files...
2026-01-11 02:15:15,028 - __main__ - INFO - Processed 21300 files...
2026-01-11 02:15:18,201 - __main__ - INFO - Processed 21400 files...
2026-01-11 02:15:21,029 - __main__ - INFO - Processed 21500 files...
2026-01-11 02:15:24,097 - __main__ - INFO - Processed 21600 files...
2026-01-11 02:15:27,477 - __main__ - INFO - Processed 21700 files...
2026-01-11 02:15:32,675 - __main__ - INFO - Processed 21800 files...
2026-01-11 02:15:36,386 - __main__ - WARNING - Error processing /Volumes/VIBES/VIBES/DAVINCI PROJECT FOLDERS/020425_Open Water Cert/GOOGLE DRIVE [SEREN]/Seren Internal/VIDEO MUSIC/Artlist Music/Energy Plus - Gungo Peas - Instrumental Version.mp3: [Errno 2] No such file or directory: '/Volumes/VIBES/VIBES/DAVINCI PROJECT FOLDERS/020425_Open Water Cert/GOOGLE DRIVE [SEREN]/Seren Internal/VIDEO MUSIC/Artlist Music/Energy Plus - Gungo Peas - Instrumental Version.mp3'
2026-01-11 02:15:36,386 - __main__ - WARNING - Error processing /Volumes/VIBES/VIBES/DAVINCI PROJECT FOLDERS/020425_Open Water Cert/GOOGLE DRIVE [SEREN]/Seren Internal/VIDEO MUSIC/Artlist Music/Letra - Circle of Life - Slowed and Reverbed.wav: [Errno 2] No such file or directory: '/Volumes/VIBES/VIBES/DAVINCI PROJECT FOLDERS/020425_Open Water Cert/GOOGLE DRIVE [SEREN]/Seren Internal/VIDEO MUSIC/Artlist Music/Letra - Circle of Life - Slowed and Reverbed.wav'
2026-01-11 02:15:38,065 - __main__ - INFO - Scan complete: 21876 files, 5269 duplicate groups
2026-01-11 02:15:38,468 - __main__ - INFO - Results saved to: logs/vibes_reorganization_index.json
2026-01-11 02:15:38,468 - __main__ - INFO - Total files: 21876
2026-01-11 02:15:38,468 - __main__ - INFO - Total size: 784.56 GB
2026-01-11 02:15:38,468 - __main__ - INFO - Duplicate groups: 5269
